<?xml version="1.0" encoding="UTF-8"?>
<coverage generated="1787812531648" clover="3.2.0">
  <project timestamp="1787812531648" name="All files">
    <metrics statements="203" coveredstatements="159" conditionals="263" coveredconditionals="137" methods="53" coveredmethods="38" elements="519" coveredelements="334" complexity="0" loc="203" ncloc="203" packages="2" files="5" classes="5"/>
    <package name="components">
      <metrics statements="22" coveredstatements="13" conditionals="55" coveredconditionals="20" methods="10" coveredmethods="4"/>
      <file name="Navbar.jsx" path="C:\Users\sufya\Documents\Programming\10 Pearls\cohort-9-mern-11561-sufyan\frontend\src\components\Navbar.jsx">
        <metrics statements="22" coveredstatements="13" conditionals="55" coveredconditionals="20" methods="10" coveredmethods="4"/>
        <line num="7" count="4" type="stmt"/>
        <line num="8" count="4" type="stmt"/>
        <line num="11" count="4" type="stmt"/>
        <line num="12" count="4" type="stmt"/>
        <line num="13" count="4" type="stmt"/>
        <line num="14" count="4" type="stmt"/>
        <line num="17" count="4" type="stmt"/>
        <line num="18" count="4" type="stmt"/>
        <line num="19" count="1" type="cond" truecount="2" falsecount="2"/>
        <line num="20" count="0" type="stmt"/>
        <line num="23" count="4" type="stmt"/>
        <line num="24" count="4" type="stmt"/>
        <line num="27" count="4" type="stmt"/>
        <line num="28" count="0" type="stmt"/>
        <line num="29" count="0" type="stmt"/>
        <line num="30" count="0" type="stmt"/>
        <line num="33" count="4" type="stmt"/>
        <line num="77" count="0" type="stmt"/>
        <line num="125" count="0" type="stmt"/>
        <line num="179" count="0" type="stmt"/>
        <line num="198" count="0" type="stmt"/>
        <line num="203" count="0" type="stmt"/>
      </file>
    </package>
    <package name="pages">
      <metrics statements="181" coveredstatements="146" conditionals="208" coveredconditionals="117" methods="43" coveredmethods="34"/>
      <file name="Dashboard.jsx" path="C:\Users\sufya\Documents\Programming\10 Pearls\cohort-9-mern-11561-sufyan\frontend\src\pages\Dashboard.jsx">
        <metrics statements="81" coveredstatements="66" conditionals="68" coveredconditionals="38" methods="24" coveredmethods="19"/>
        <line num="14" count="66" type="stmt"/>
        <line num="15" count="66" type="stmt"/>
        <line num="17" count="66" type="stmt"/>
        <line num="18" count="66" type="stmt"/>
        <line num="21" count="66" type="stmt"/>
        <line num="22" count="66" type="stmt"/>
        <line num="23" count="66" type="stmt"/>
        <line num="26" count="66" type="stmt"/>
        <line num="27" count="66" type="stmt"/>
        <line num="28" count="66" type="stmt"/>
        <line num="30" count="66" type="stmt"/>
        <line num="31" count="66" type="stmt"/>
        <line num="33" count="66" type="stmt"/>
        <line num="34" count="6" type="cond" truecount="2" falsecount="0"/>
        <line num="35" count="1" type="stmt"/>
        <line num="36" count="1" type="stmt"/>
        <line num="38" count="5" type="stmt"/>
        <line num="42" count="66" type="stmt"/>
        <line num="43" count="5" type="stmt"/>
        <line num="44" count="5" type="stmt"/>
        <line num="45" count="5" type="stmt"/>
        <line num="46" count="5" type="stmt"/>
        <line num="48" count="0" type="stmt"/>
        <line num="52" count="66" type="stmt"/>
        <line num="53" count="14" type="stmt"/>
        <line num="56" count="66" type="stmt"/>
        <line num="57" count="30" type="stmt"/>
        <line num="60" count="66" type="stmt"/>
        <line num="61" count="2" type="stmt"/>
        <line num="62" count="2" type="stmt"/>
        <line num="63" count="2" type="stmt"/>
        <line num="64" count="2" type="stmt"/>
        <line num="67" count="66" type="stmt"/>
        <line num="68" count="0" type="stmt"/>
        <line num="69" count="0" type="stmt"/>
        <line num="70" count="0" type="stmt"/>
        <line num="71" count="0" type="stmt"/>
        <line num="74" count="66" type="stmt"/>
        <line num="75" count="1" type="stmt"/>
        <line num="76" count="1" type="stmt"/>
        <line num="77" count="1" type="stmt"/>
        <line num="78" count="1" type="stmt"/>
        <line num="81" count="66" type="stmt"/>
        <line num="82" count="1" type="stmt"/>
        <line num="83" count="1" type="stmt"/>
        <line num="84" count="1" type="stmt"/>
        <line num="86" count="1" type="cond" truecount="1" falsecount="1"/>
        <line num="87" count="0" type="stmt"/>
        <line num="88" count="0" type="stmt"/>
        <line num="89" count="0" type="cond" truecount="0" falsecount="2"/>
        <line num="91" count="0" type="stmt"/>
        <line num="93" count="1" type="stmt"/>
        <line num="94" count="1" type="stmt"/>
        <line num="95" count="1" type="stmt"/>
        <line num="98" count="1" type="stmt"/>
        <line num="100" count="0" type="cond" truecount="0" falsecount="2"/>
        <line num="101" count="0" type="stmt"/>
        <line num="105" count="66" type="stmt"/>
        <line num="106" count="1" type="stmt"/>
        <line num="107" count="1" type="stmt"/>
        <line num="110" count="66" type="stmt"/>
        <line num="111" count="1" type="stmt"/>
        <line num="112" count="1" type="stmt"/>
        <line num="113" count="1" type="stmt"/>
        <line num="114" count="2" type="stmt"/>
        <line num="115" count="1" type="stmt"/>
        <line num="116" count="1" type="stmt"/>
        <line num="117" count="1" type="stmt"/>
        <line num="119" count="0" type="stmt"/>
        <line num="120" count="0" type="stmt"/>
        <line num="124" count="66" type="stmt"/>
        <line num="125" count="22" type="stmt"/>
        <line num="126" count="22" type="stmt"/>
        <line num="127" count="22" type="stmt"/>
        <line num="128" count="22" type="cond" truecount="2" falsecount="0"/>
        <line num="131" count="66" type="stmt"/>
        <line num="166" count="6" type="stmt"/>
        <line num="195" count="17" type="stmt"/>
        <line num="218" count="0" type="stmt"/>
        <line num="230" count="1" type="stmt"/>
        <line num="389" count="0" type="stmt"/>
      </file>
      <file name="Login.jsx" path="C:\Users\sufya\Documents\Programming\10 Pearls\cohort-9-mern-11561-sufyan\frontend\src\pages\Login.jsx">
        <metrics statements="20" coveredstatements="20" conditionals="41" coveredconditionals="23" methods="5" coveredmethods="5"/>
        <line num="11" count="87" type="stmt"/>
        <line num="16" count="87" type="stmt"/>
        <line num="19" count="87" type="stmt"/>
        <line num="20" count="87" type="stmt"/>
        <line num="22" count="87" type="stmt"/>
        <line num="23" count="87" type="stmt"/>
        <line num="25" count="87" type="stmt"/>
        <line num="26" count="80" type="stmt"/>
        <line num="32" count="87" type="stmt"/>
        <line num="33" count="2" type="stmt"/>
        <line num="35" count="2" type="stmt"/>
        <line num="36" count="2" type="stmt"/>
        <line num="41" count="1" type="cond" truecount="1" falsecount="1"/>
        <line num="43" count="1" type="stmt"/>
        <line num="44" count="1" type="stmt"/>
        <line num="45" count="1" type="stmt"/>
        <line num="49" count="1" type="cond" truecount="1" falsecount="2"/>
        <line num="52" count="1" type="stmt"/>
        <line num="56" count="87" type="stmt"/>
        <line num="148" count="2" type="stmt"/>
      </file>
      <file name="Profile.jsx" path="C:\Users\sufya\Documents\Programming\10 Pearls\cohort-9-mern-11561-sufyan\frontend\src\pages\Profile.jsx">
        <metrics statements="49" coveredstatements="32" conditionals="44" coveredconditionals="25" methods="9" coveredmethods="6"/>
        <line num="9" count="25" type="stmt"/>
        <line num="10" count="25" type="stmt"/>
        <line num="11" count="25" type="stmt"/>
        <line num="13" count="25" type="stmt"/>
        <line num="14" count="25" type="stmt"/>
        <line num="16" count="25" type="stmt"/>
        <line num="17" count="25" type="cond" truecount="2" falsecount="0"/>
        <line num="18" count="25" type="stmt"/>
        <line num="20" count="25" type="stmt"/>
        <line num="21" count="5" type="cond" truecount="2" falsecount="0"/>
        <line num="24" count="25" type="stmt"/>
        <line num="25" count="1" type="stmt"/>
        <line num="26" count="1" type="stmt"/>
        <line num="29" count="25" type="stmt"/>
        <line num="30" count="2" type="cond" truecount="2" falsecount="0"/>
        <line num="31" count="1" type="stmt"/>
        <line num="32" count="1" type="stmt"/>
        <line num="34" count="1" type="cond" truecount="1" falsecount="1"/>
        <line num="35" count="0" type="stmt"/>
        <line num="36" count="0" type="stmt"/>
        <line num="39" count="1" type="stmt"/>
        <line num="40" count="1" type="stmt"/>
        <line num="41" count="1" type="stmt"/>
        <line num="42" count="1" type="stmt"/>
        <line num="44" count="1" type="stmt"/>
        <line num="45" count="1" type="stmt"/>
        <line num="46" count="1" type="stmt"/>
        <line num="47" count="1" type="stmt"/>
        <line num="49" count="0" type="cond" truecount="0" falsecount="2"/>
        <line num="51" count="1" type="stmt"/>
        <line num="55" count="25" type="stmt"/>
        <line num="56" count="0" type="stmt"/>
        <line num="57" count="0" type="cond" truecount="0" falsecount="2"/>
        <line num="59" count="0" type="stmt"/>
        <line num="60" count="0" type="stmt"/>
        <line num="61" count="0" type="stmt"/>
        <line num="62" count="0" type="stmt"/>
        <line num="64" count="0" type="stmt"/>
        <line num="71" count="0" type="stmt"/>
        <line num="72" count="0" type="stmt"/>
        <line num="73" count="0" type="stmt"/>
        <line num="75" count="0" type="stmt"/>
        <line num="77" count="0" type="stmt"/>
        <line num="81" count="25" type="cond" truecount="2" falsecount="0"/>
        <line num="83" count="24" type="stmt"/>
        <line num="102" count="0" type="stmt"/>
        <line num="135" count="16" type="stmt"/>
        <line num="157" count="0" type="stmt"/>
        <line num="168" count="2" type="stmt"/>
      </file>
      <file name="Register.jsx" path="C:\Users\sufya\Documents\Programming\10 Pearls\cohort-9-mern-11561-sufyan\frontend\src\pages\Register.jsx">
        <metrics statements="31" coveredstatements="28" conditionals="55" coveredconditionals="31" methods="5" coveredmethods="4"/>
        <line num="11" count="103" type="stmt"/>
        <line num="17" count="103" type="stmt"/>
        <line num="18" count="103" type="stmt"/>
        <line num="21" count="103" type="stmt"/>
        <line num="22" count="103" type="stmt"/>
        <line num="24" count="103" type="stmt"/>
        <line num="25" count="103" type="stmt"/>
        <line num="27" count="103" type="stmt"/>
        <line num="28" count="96" type="stmt"/>
        <line num="32" count="96" type="cond" truecount="2" falsecount="0"/>
        <line num="33" count="27" type="stmt"/>
        <line num="37" count="103" type="stmt"/>
        <line num="38" count="3" type="stmt"/>
        <line num="39" count="3" type="stmt"/>
        <line num="41" count="3" type="stmt"/>
        <line num="42" count="3" type="cond" truecount="2" falsecount="0"/>
        <line num="43" count="1" type="stmt"/>
        <line num="44" count="1" type="stmt"/>
        <line num="47" count="2" type="cond" truecount="2" falsecount="0"/>
        <line num="48" count="1" type="stmt"/>
        <line num="49" count="1" type="stmt"/>
        <line num="52" count="1" type="stmt"/>
        <line num="53" count="1" type="stmt"/>
        <line num="59" count="1" type="cond" truecount="1" falsecount="1"/>
        <line num="61" count="1" type="stmt"/>
        <line num="62" count="1" type="stmt"/>
        <line num="63" count="1" type="stmt"/>
        <line num="67" count="0" type="cond" truecount="0" falsecount="3"/>
        <line num="70" count="0" type="stmt"/>
        <line num="74" count="103" type="stmt"/>
        <line num="190" count="0" type="stmt"/>
      </file>
    </package>
  </project>
</coverage>
