{"C:\\Users\\sufya\\Documents\\Programming\\10 Pearls\\cohort-9-mern-11561-sufyan\\frontend\\src\\components\\Navbar.jsx": {"path":"C:\\Users\\sufya\\Documents\\Programming\\10 Pearls\\cohort-9-mern-11561-sufyan\\frontend\\src\\components\\Navbar.jsx","statementMap":{"0":{"start":{"line":7,"column":27},"end":{"line":7,"column":35}},"1":{"start":{"line":8,"column":38},"end":{"line":8,"column":47}},"2":{"start":{"line":11,"column":44},"end":{"line":11,"column":null}},"3":{"start":{"line":12,"column":50},"end":{"line":12,"column":null}},"4":{"start":{"line":13,"column":22},"end":{"line":13,"column":null}},"5":{"start":{"line":14,"column":19},"end":{"line":14,"column":31}},"6":{"start":{"line":17,"column":2},"end":{"line":25,"column":null}},"7":{"start":{"line":18,"column":10},"end":{"line":22,"column":null}},"8":{"start":{"line":19,"column":6},"end":{"line":21,"column":null}},"9":{"start":{"line":20,"column":8},"end":{"line":20,"column":null}},"10":{"start":{"line":23,"column":4},"end":{"line":23,"column":null}},"11":{"start":{"line":24,"column":4},"end":{"line":24,"column":null}},"12":{"start":{"line":24,"column":17},"end":{"line":24,"column":null}},"13":{"start":{"line":27,"column":8},"end":{"line":31,"column":null}},"14":{"start":{"line":28,"column":4},"end":{"line":28,"column":null}},"15":{"start":{"line":29,"column":4},"end":{"line":29,"column":null}},"16":{"start":{"line":30,"column":4},"end":{"line":30,"column":null}},"17":{"start":{"line":33,"column":2},"end":{"line":212,"column":null}},"18":{"start":{"line":77,"column":31},"end":{"line":77,"column":null}},"19":{"start":{"line":125,"column":37},"end":{"line":125,"column":null}},"20":{"start":{"line":179,"column":31},"end":{"line":179,"column":null}},"21":{"start":{"line":198,"column":43},"end":{"line":198,"column":71}},"22":{"start":{"line":203,"column":46},"end":{"line":203,"column":74}}},"fnMap":{"0":{"name":"Navbar","decl":{"start":{"line":6,"column":9},"end":{"line":6,"column":18}},"loc":{"start":{"line":6,"column":18},"end":{"line":214,"column":null}},"line":6},"1":{"name":"(anonymous_1)","decl":{"start":{"line":17,"column":2},"end":{"line":17,"column":18}},"loc":{"start":{"line":17,"column":18},"end":{"line":25,"column":5}},"line":17},"2":{"name":"(anonymous_2)","decl":{"start":{"line":18,"column":10},"end":{"line":18,"column":32}},"loc":{"start":{"line":18,"column":42},"end":{"line":22,"column":null}},"line":18},"3":{"name":"(anonymous_3)","decl":{"start":{"line":24,"column":4},"end":{"line":24,"column":17}},"loc":{"start":{"line":24,"column":17},"end":{"line":24,"column":null}},"line":24},"4":{"name":"(anonymous_4)","decl":{"start":{"line":27,"column":8},"end":{"line":27,"column":29}},"loc":{"start":{"line":27,"column":29},"end":{"line":31,"column":null}},"line":27},"5":{"name":"(anonymous_5)","decl":{"start":{"line":77,"column":16},"end":{"line":77,"column":31}},"loc":{"start":{"line":77,"column":31},"end":{"line":77,"column":null}},"line":77},"6":{"name":"(anonymous_6)","decl":{"start":{"line":125,"column":22},"end":{"line":125,"column":37}},"loc":{"start":{"line":125,"column":37},"end":{"line":125,"column":null}},"line":125},"7":{"name":"(anonymous_7)","decl":{"start":{"line":179,"column":16},"end":{"line":179,"column":31}},"loc":{"start":{"line":179,"column":31},"end":{"line":179,"column":null}},"line":179},"8":{"name":"(anonymous_8)","decl":{"start":{"line":198,"column":28},"end":{"line":198,"column":43}},"loc":{"start":{"line":198,"column":43},"end":{"line":198,"column":71}},"line":198},"9":{"name":"(anonymous_9)","decl":{"start":{"line":203,"column":31},"end":{"line":203,"column":46}},"loc":{"start":{"line":203,"column":46},"end":{"line":203,"column":74}},"line":203}},"branchMap":{"0":{"loc":{"start":{"line":19,"column":6},"end":{"line":21,"column":null}},"type":"if","locations":[{"start":{"line":19,"column":6},"end":{"line":21,"column":null}},{"start":{},"end":{}}],"line":19},"1":{"loc":{"start":{"line":19,"column":10},"end":{"line":19,"column":78}},"type":"binary-expr","locations":[{"start":{"line":19,"column":10},"end":{"line":19,"column":33}},{"start":{"line":19,"column":33},"end":{"line":19,"column":78}}],"line":19},"2":{"loc":{"start":{"line":35,"column":6},"end":{"line":37,"column":null}},"type":"cond-expr","locations":[{"start":{"line":36,"column":10},"end":{"line":36,"column":null}},{"start":{"line":37,"column":10},"end":{"line":37,"column":null}}],"line":35},"3":{"loc":{"start":{"line":44,"column":12},"end":{"line":46,"column":null}},"type":"cond-expr","locations":[{"start":{"line":45,"column":16},"end":{"line":45,"column":null}},{"start":{"line":46,"column":16},"end":{"line":46,"column":null}}],"line":44},"4":{"loc":{"start":{"line":51,"column":32},"end":{"line":51,"column":84}},"type":"cond-expr","locations":[{"start":{"line":51,"column":45},"end":{"line":51,"column":64}},{"start":{"line":51,"column":64},"end":{"line":51,"column":84}}],"line":51},"5":{"loc":{"start":{"line":63,"column":14},"end":{"line":65,"column":null}},"type":"cond-expr","locations":[{"start":{"line":64,"column":18},"end":{"line":64,"column":null}},{"start":{"line":65,"column":18},"end":{"line":65,"column":null}}],"line":63},"6":{"loc":{"start":{"line":69,"column":13},"end":{"line":69,"column":null}},"type":"cond-expr","locations":[{"start":{"line":69,"column":26},"end":{"line":69,"column":33}},{"start":{"line":69,"column":33},"end":{"line":69,"column":null}}],"line":69},"7":{"loc":{"start":{"line":72,"column":11},"end":{"line":190,"column":null}},"type":"cond-expr","locations":[{"start":{"line":74,"column":12},"end":{"line":155,"column":null}},{"start":{"line":158,"column":12},"end":{"line":190,"column":null}}],"line":72},"8":{"loc":{"start":{"line":79,"column":18},"end":{"line":81,"column":null}},"type":"cond-expr","locations":[{"start":{"line":80,"column":22},"end":{"line":80,"column":null}},{"start":{"line":81,"column":22},"end":{"line":81,"column":null}}],"line":79},"9":{"loc":{"start":{"line":86,"column":18},"end":{"line":86,"column":null}},"type":"cond-expr","locations":[{"start":{"line":86,"column":31},"end":{"line":86,"column":86}},{"start":{"line":86,"column":86},"end":{"line":86,"column":null}}],"line":86},"10":{"loc":{"start":{"line":88,"column":19},"end":{"line":91,"column":null}},"type":"cond-expr","locations":[{"start":{"line":89,"column":20},"end":{"line":91,"column":26}},{"start":{"line":91,"column":20},"end":{"line":91,"column":null}}],"line":88},"11":{"loc":{"start":{"line":98,"column":79},"end":{"line":98,"column":113}},"type":"cond-expr","locations":[{"start":{"line":98,"column":95},"end":{"line":98,"column":110}},{"start":{"line":98,"column":110},"end":{"line":98,"column":113}}],"line":98},"12":{"loc":{"start":{"line":98,"column":116},"end":{"line":98,"column":176}},"type":"cond-expr","locations":[{"start":{"line":98,"column":129},"end":{"line":98,"column":151}},{"start":{"line":98,"column":151},"end":{"line":98,"column":176}}],"line":98},"13":{"loc":{"start":{"line":105,"column":15},"end":{"line":155,"column":null}},"type":"binary-expr","locations":[{"start":{"line":105,"column":15},"end":{"line":105,"column":null}},{"start":{"line":106,"column":16},"end":{"line":155,"column":null}}],"line":105},"14":{"loc":{"start":{"line":107,"column":18},"end":{"line":109,"column":null}},"type":"cond-expr","locations":[{"start":{"line":108,"column":22},"end":{"line":108,"column":null}},{"start":{"line":109,"column":22},"end":{"line":109,"column":null}}],"line":107},"15":{"loc":{"start":{"line":112,"column":56},"end":{"line":112,"column":null}},"type":"cond-expr","locations":[{"start":{"line":112,"column":69},"end":{"line":112,"column":108}},{"start":{"line":112,"column":108},"end":{"line":112,"column":null}}],"line":112},"16":{"loc":{"start":{"line":113,"column":64},"end":{"line":113,"column":null}},"type":"cond-expr","locations":[{"start":{"line":113,"column":77},"end":{"line":113,"column":95}},{"start":{"line":113,"column":95},"end":{"line":113,"column":null}}],"line":113},"17":{"loc":{"start":{"line":116,"column":61},"end":{"line":116,"column":null}},"type":"cond-expr","locations":[{"start":{"line":116,"column":74},"end":{"line":116,"column":96}},{"start":{"line":116,"column":96},"end":{"line":116,"column":null}}],"line":116},"18":{"loc":{"start":{"line":127,"column":24},"end":{"line":129,"column":null}},"type":"cond-expr","locations":[{"start":{"line":128,"column":28},"end":{"line":128,"column":null}},{"start":{"line":129,"column":28},"end":{"line":129,"column":null}}],"line":127},"19":{"loc":{"start":{"line":142,"column":24},"end":{"line":144,"column":null}},"type":"cond-expr","locations":[{"start":{"line":143,"column":28},"end":{"line":143,"column":null}},{"start":{"line":144,"column":28},"end":{"line":144,"column":null}}],"line":142},"20":{"loc":{"start":{"line":167,"column":20},"end":{"line":169,"column":null}},"type":"cond-expr","locations":[{"start":{"line":168,"column":24},"end":{"line":168,"column":null}},{"start":{"line":169,"column":24},"end":{"line":169,"column":null}}],"line":167},"21":{"loc":{"start":{"line":181,"column":18},"end":{"line":181,"column":null}},"type":"cond-expr","locations":[{"start":{"line":181,"column":31},"end":{"line":181,"column":83}},{"start":{"line":181,"column":83},"end":{"line":181,"column":null}}],"line":181},"22":{"loc":{"start":{"line":185,"column":19},"end":{"line":185,"column":null}},"type":"cond-expr","locations":[{"start":{"line":185,"column":38},"end":{"line":185,"column":136}},{"start":{"line":185,"column":135},"end":{"line":185,"column":null}}],"line":185},"23":{"loc":{"start":{"line":194,"column":7},"end":{"line":212,"column":null}},"type":"binary-expr","locations":[{"start":{"line":194,"column":7},"end":{"line":194,"column":16}},{"start":{"line":194,"column":16},"end":{"line":194,"column":null}},{"start":{"line":195,"column":8},"end":{"line":212,"column":null}}],"line":194},"24":{"loc":{"start":{"line":196,"column":10},"end":{"line":196,"column":null}},"type":"cond-expr","locations":[{"start":{"line":196,"column":23},"end":{"line":196,"column":60}},{"start":{"line":196,"column":60},"end":{"line":196,"column":null}}],"line":196},"25":{"loc":{"start":{"line":199,"column":12},"end":{"line":199,"column":null}},"type":"cond-expr","locations":[{"start":{"line":199,"column":25},"end":{"line":199,"column":83}},{"start":{"line":199,"column":83},"end":{"line":199,"column":null}}],"line":199},"26":{"loc":{"start":{"line":204,"column":12},"end":{"line":206,"column":null}},"type":"cond-expr","locations":[{"start":{"line":205,"column":16},"end":{"line":205,"column":null}},{"start":{"line":206,"column":16},"end":{"line":206,"column":null}}],"line":204}},"s":{"0":4,"1":4,"2":4,"3":4,"4":4,"5":4,"6":4,"7":4,"8":1,"9":0,"10":4,"11":4,"12":4,"13":4,"14":0,"15":0,"16":0,"17":4,"18":0,"19":0,"20":0,"21":0,"22":0},"f":{"0":4,"1":4,"2":1,"3":4,"4":0,"5":0,"6":0,"7":0,"8":0,"9":0},"b":{"0":[0,1],"1":[1,0],"2":[0,4],"3":[0,4],"4":[0,4],"5":[0,4],"6":[0,4],"7":[1,3],"8":[0,1],"9":[0,1],"10":[0,1],"11":[0,1],"12":[0,1],"13":[1,0],"14":[0,0],"15":[0,0],"16":[0,0],"17":[0,0],"18":[0,0],"19":[0,0],"20":[0,3],"21":[0,3],"22":[0,3],"23":[4,3,0],"24":[0,0],"25":[0,0],"26":[0,0]},"meta":{"lastBranch":27,"lastFunction":10,"lastStatement":23,"seen":{"f:6:9:6:18":0,"s:7:27:7:35":0,"s:8:38:8:47":1,"s:11:44:11:Infinity":2,"s:12:50:12:Infinity":3,"s:13:22:13:Infinity":4,"s:14:19:14:31":5,"s:17:2:25:Infinity":6,"f:17:2:17:18":1,"s:18:10:22:Infinity":7,"f:18:10:18:32":2,"b:19:6:21:Infinity:undefined:undefined:undefined:undefined":0,"s:19:6:21:Infinity":8,"b:19:10:19:33:19:33:19:78":1,"s:20:8:20:Infinity":9,"s:23:4:23:Infinity":10,"s:24:4:24:Infinity":11,"f:24:4:24:17":3,"s:24:17:24:Infinity":12,"s:27:8:31:Infinity":13,"f:27:8:27:29":4,"s:28:4:28:Infinity":14,"s:29:4:29:Infinity":15,"s:30:4:30:Infinity":16,"s:33:2:212:Infinity":17,"b:36:10:36:Infinity:37:10:37:Infinity":2,"b:45:16:45:Infinity:46:16:46:Infinity":3,"b:51:45:51:64:51:64:51:84":4,"b:64:18:64:Infinity:65:18:65:Infinity":5,"b:69:26:69:33:69:33:69:Infinity":6,"b:74:12:155:Infinity:158:12:190:Infinity":7,"f:77:16:77:31":5,"s:77:31:77:Infinity":18,"b:80:22:80:Infinity:81:22:81:Infinity":8,"b:86:31:86:86:86:86:86:Infinity":9,"b:89:20:91:26:91:20:91:Infinity":10,"b:98:95:98:110:98:110:98:113":11,"b:98:129:98:151:98:151:98:176":12,"b:105:15:105:Infinity:106:16:155:Infinity":13,"b:108:22:108:Infinity:109:22:109:Infinity":14,"b:112:69:112:108:112:108:112:Infinity":15,"b:113:77:113:95:113:95:113:Infinity":16,"b:116:74:116:96:116:96:116:Infinity":17,"f:125:22:125:37":6,"s:125:37:125:Infinity":19,"b:128:28:128:Infinity:129:28:129:Infinity":18,"b:143:28:143:Infinity:144:28:144:Infinity":19,"b:168:24:168:Infinity:169:24:169:Infinity":20,"f:179:16:179:31":7,"s:179:31:179:Infinity":20,"b:181:31:181:83:181:83:181:Infinity":21,"b:185:38:185:136:185:135:185:Infinity":22,"b:194:7:194:16:194:16:194:Infinity:195:8:212:Infinity":23,"b:196:23:196:60:196:60:196:Infinity":24,"f:198:28:198:43":8,"s:198:43:198:71":21,"b:199:25:199:83:199:83:199:Infinity":25,"f:203:31:203:46":9,"s:203:46:203:74":22,"b:205:16:205:Infinity:206:16:206:Infinity":26},"fnNames":{}}}
,"C:\\Users\\sufya\\Documents\\Programming\\10 Pearls\\cohort-9-mern-11561-sufyan\\frontend\\src\\pages\\Dashboard.jsx": {"path":"C:\\Users\\sufya\\Documents\\Programming\\10 Pearls\\cohort-9-mern-11561-sufyan\\frontend\\src\\pages\\Dashboard.jsx","statementMap":{"0":{"start":{"line":14,"column":28},"end":{"line":14,"column":null}},"1":{"start":{"line":15,"column":40},"end":{"line":15,"column":null}},"2":{"start":{"line":17,"column":19},"end":{"line":17,"column":27}},"3":{"start":{"line":18,"column":25},"end":{"line":18,"column":34}},"4":{"start":{"line":21,"column":40},"end":{"line":21,"column":null}},"5":{"start":{"line":22,"column":52},"end":{"line":22,"column":null}},"6":{"start":{"line":23,"column":42},"end":{"line":23,"column":null}},"7":{"start":{"line":26,"column":34},"end":{"line":26,"column":null}},"8":{"start":{"line":27,"column":36},"end":{"line":27,"column":null}},"9":{"start":{"line":28,"column":38},"end":{"line":28,"column":null}},"10":{"start":{"line":30,"column":29},"end":{"line":30,"column":null}},"11":{"start":{"line":31,"column":19},"end":{"line":31,"column":31}},"12":{"start":{"line":33,"column":2},"end":{"line":40,"column":null}},"13":{"start":{"line":34,"column":4},"end":{"line":37,"column":null}},"14":{"start":{"line":35,"column":6},"end":{"line":35,"column":null}},"15":{"start":{"line":36,"column":6},"end":{"line":36,"column":null}},"16":{"start":{"line":38,"column":4},"end":{"line":38,"column":null}},"17":{"start":{"line":42,"column":21},"end":{"line":50,"column":null}},"18":{"start":{"line":43,"column":4},"end":{"line":49,"column":null}},"19":{"start":{"line":44,"column":21},"end":{"line":44,"column":null}},"20":{"start":{"line":45,"column":23},"end":{"line":45,"column":null}},"21":{"start":{"line":46,"column":6},"end":{"line":46,"column":null}},"22":{"start":{"line":48,"column":6},"end":{"line":48,"column":null}},"23":{"start":{"line":52,"column":8},"end":{"line":54,"column":null}},"24":{"start":{"line":53,"column":4},"end":{"line":53,"column":null}},"25":{"start":{"line":53,"column":32},"end":{"line":53,"column":63}},"26":{"start":{"line":56,"column":8},"end":{"line":58,"column":null}},"27":{"start":{"line":57,"column":4},"end":{"line":57,"column":null}},"28":{"start":{"line":57,"column":32},"end":{"line":57,"column":65}},"29":{"start":{"line":60,"column":8},"end":{"line":65,"column":null}},"30":{"start":{"line":61,"column":4},"end":{"line":61,"column":null}},"31":{"start":{"line":62,"column":4},"end":{"line":62,"column":null}},"32":{"start":{"line":63,"column":4},"end":{"line":63,"column":null}},"33":{"start":{"line":64,"column":4},"end":{"line":64,"column":null}},"34":{"start":{"line":67,"column":8},"end":{"line":72,"column":null}},"35":{"start":{"line":68,"column":4},"end":{"line":68,"column":null}},"36":{"start":{"line":69,"column":4},"end":{"line":69,"column":null}},"37":{"start":{"line":70,"column":4},"end":{"line":70,"column":null}},"38":{"start":{"line":71,"column":4},"end":{"line":71,"column":null}},"39":{"start":{"line":74,"column":8},"end":{"line":79,"column":null}},"40":{"start":{"line":75,"column":4},"end":{"line":75,"column":null}},"41":{"start":{"line":76,"column":4},"end":{"line":76,"column":null}},"42":{"start":{"line":77,"column":4},"end":{"line":77,"column":null}},"43":{"start":{"line":78,"column":4},"end":{"line":78,"column":null}},"44":{"start":{"line":81,"column":19},"end":{"line":103,"column":null}},"45":{"start":{"line":82,"column":4},"end":{"line":82,"column":null}},"46":{"start":{"line":83,"column":4},"end":{"line":102,"column":null}},"47":{"start":{"line":84,"column":21},"end":{"line":84,"column":null}},"48":{"start":{"line":86,"column":6},"end":{"line":96,"column":null}},"49":{"start":{"line":87,"column":25},"end":{"line":87,"column":null}},"50":{"start":{"line":88,"column":8},"end":{"line":90,"column":null}},"51":{"start":{"line":89,"column":10},"end":{"line":89,"column":null}},"52":{"start":{"line":89,"column":38},"end":{"line":89,"column":85}},"53":{"start":{"line":91,"column":8},"end":{"line":91,"column":null}},"54":{"start":{"line":93,"column":25},"end":{"line":93,"column":null}},"55":{"start":{"line":94,"column":8},"end":{"line":94,"column":null}},"56":{"start":{"line":94,"column":35},"end":{"line":94,"column":67}},"57":{"start":{"line":95,"column":8},"end":{"line":95,"column":null}},"58":{"start":{"line":98,"column":6},"end":{"line":98,"column":null}},"59":{"start":{"line":100,"column":22},"end":{"line":100,"column":null}},"60":{"start":{"line":101,"column":6},"end":{"line":101,"column":null}},"61":{"start":{"line":105,"column":8},"end":{"line":108,"column":null}},"62":{"start":{"line":106,"column":4},"end":{"line":106,"column":null}},"63":{"start":{"line":107,"column":4},"end":{"line":107,"column":null}},"64":{"start":{"line":110,"column":19},"end":{"line":122,"column":null}},"65":{"start":{"line":111,"column":4},"end":{"line":121,"column":null}},"66":{"start":{"line":112,"column":21},"end":{"line":112,"column":null}},"67":{"start":{"line":113,"column":6},"end":{"line":113,"column":null}},"68":{"start":{"line":114,"column":6},"end":{"line":114,"column":null}},"69":{"start":{"line":114,"column":33},"end":{"line":114,"column":89}},"70":{"start":{"line":114,"column":63},"end":{"line":114,"column":88}},"71":{"start":{"line":115,"column":6},"end":{"line":115,"column":null}},"72":{"start":{"line":116,"column":6},"end":{"line":116,"column":null}},"73":{"start":{"line":117,"column":6},"end":{"line":117,"column":null}},"74":{"start":{"line":119,"column":6},"end":{"line":119,"column":null}},"75":{"start":{"line":120,"column":6},"end":{"line":120,"column":null}},"76":{"start":{"line":124,"column":24},"end":{"line":129,"column":null}},"77":{"start":{"line":125,"column":23},"end":{"line":125,"column":null}},"78":{"start":{"line":126,"column":25},"end":{"line":126,"column":null}},"79":{"start":{"line":127,"column":18},"end":{"line":127,"column":null}},"80":{"start":{"line":128,"column":4},"end":{"line":128,"column":null}},"81":{"start":{"line":131,"column":2},"end":{"line":407,"column":null}},"82":{"start":{"line":166,"column":33},"end":{"line":166,"column":null}},"83":{"start":{"line":195,"column":16},"end":{"line":252,"column":null}},"84":{"start":{"line":218,"column":41},"end":{"line":218,"column":null}},"85":{"start":{"line":230,"column":41},"end":{"line":230,"column":null}},"86":{"start":{"line":389,"column":33},"end":{"line":389,"column":null}}},"fnMap":{"0":{"name":"Dashboard","decl":{"start":{"line":13,"column":9},"end":{"line":13,"column":21}},"loc":{"start":{"line":13,"column":21},"end":{"line":409,"column":null}},"line":13},"1":{"name":"(anonymous_1)","decl":{"start":{"line":33,"column":2},"end":{"line":33,"column":18}},"loc":{"start":{"line":33,"column":18},"end":{"line":40,"column":5}},"line":33},"2":{"name":"(anonymous_2)","decl":{"start":{"line":42,"column":21},"end":{"line":42,"column":33}},"loc":{"start":{"line":42,"column":33},"end":{"line":50,"column":null}},"line":42},"3":{"name":"(anonymous_3)","decl":{"start":{"line":52,"column":8},"end":{"line":52,"column":29}},"loc":{"start":{"line":52,"column":39},"end":{"line":54,"column":null}},"line":52},"4":{"name":"(anonymous_4)","decl":{"start":{"line":53,"column":4},"end":{"line":53,"column":17}},"loc":{"start":{"line":53,"column":32},"end":{"line":53,"column":63}},"line":53},"5":{"name":"(anonymous_5)","decl":{"start":{"line":56,"column":8},"end":{"line":56,"column":31}},"loc":{"start":{"line":56,"column":41},"end":{"line":58,"column":null}},"line":56},"6":{"name":"(anonymous_6)","decl":{"start":{"line":57,"column":4},"end":{"line":57,"column":17}},"loc":{"start":{"line":57,"column":32},"end":{"line":57,"column":65}},"line":57},"7":{"name":"(anonymous_7)","decl":{"start":{"line":60,"column":8},"end":{"line":60,"column":32}},"loc":{"start":{"line":60,"column":32},"end":{"line":65,"column":null}},"line":60},"8":{"name":"(anonymous_8)","decl":{"start":{"line":67,"column":8},"end":{"line":67,"column":25}},"loc":{"start":{"line":67,"column":34},"end":{"line":72,"column":null}},"line":67},"9":{"name":"(anonymous_9)","decl":{"start":{"line":74,"column":8},"end":{"line":74,"column":27}},"loc":{"start":{"line":74,"column":27},"end":{"line":79,"column":null}},"line":74},"10":{"name":"(anonymous_10)","decl":{"start":{"line":81,"column":19},"end":{"line":81,"column":26}},"loc":{"start":{"line":81,"column":32},"end":{"line":103,"column":null}},"line":81},"11":{"name":"(anonymous_11)","decl":{"start":{"line":88,"column":8},"end":{"line":88,"column":18}},"loc":{"start":{"line":89,"column":10},"end":{"line":89,"column":null}},"line":89},"12":{"name":"(anonymous_12)","decl":{"start":{"line":89,"column":23},"end":{"line":89,"column":28}},"loc":{"start":{"line":89,"column":38},"end":{"line":89,"column":85}},"line":89},"13":{"name":"(anonymous_13)","decl":{"start":{"line":94,"column":8},"end":{"line":94,"column":18}},"loc":{"start":{"line":94,"column":35},"end":{"line":94,"column":67}},"line":94},"14":{"name":"(anonymous_14)","decl":{"start":{"line":105,"column":8},"end":{"line":105,"column":25}},"loc":{"start":{"line":105,"column":32},"end":{"line":108,"column":null}},"line":105},"15":{"name":"(anonymous_15)","decl":{"start":{"line":110,"column":19},"end":{"line":110,"column":31}},"loc":{"start":{"line":110,"column":31},"end":{"line":122,"column":null}},"line":110},"16":{"name":"(anonymous_16)","decl":{"start":{"line":114,"column":6},"end":{"line":114,"column":16}},"loc":{"start":{"line":114,"column":33},"end":{"line":114,"column":89}},"line":114},"17":{"name":"(anonymous_17)","decl":{"start":{"line":114,"column":46},"end":{"line":114,"column":54}},"loc":{"start":{"line":114,"column":63},"end":{"line":114,"column":88}},"line":114},"18":{"name":"(anonymous_18)","decl":{"start":{"line":124,"column":30},"end":{"line":124,"column":38}},"loc":{"start":{"line":124,"column":47},"end":{"line":129,"column":3}},"line":124},"19":{"name":"(anonymous_19)","decl":{"start":{"line":166,"column":16},"end":{"line":166,"column":27}},"loc":{"start":{"line":166,"column":33},"end":{"line":166,"column":null}},"line":166},"20":{"name":"(anonymous_20)","decl":{"start":{"line":194,"column":29},"end":{"line":194,"column":34}},"loc":{"start":{"line":195,"column":16},"end":{"line":252,"column":null}},"line":195},"21":{"name":"(anonymous_21)","decl":{"start":{"line":218,"column":26},"end":{"line":218,"column":41}},"loc":{"start":{"line":218,"column":41},"end":{"line":218,"column":null}},"line":218},"22":{"name":"(anonymous_22)","decl":{"start":{"line":230,"column":26},"end":{"line":230,"column":41}},"loc":{"start":{"line":230,"column":41},"end":{"line":230,"column":null}},"line":230},"23":{"name":"(anonymous_23)","decl":{"start":{"line":389,"column":18},"end":{"line":389,"column":33}},"loc":{"start":{"line":389,"column":33},"end":{"line":389,"column":null}},"line":389}},"branchMap":{"0":{"loc":{"start":{"line":34,"column":4},"end":{"line":37,"column":null}},"type":"if","locations":[{"start":{"line":34,"column":4},"end":{"line":37,"column":null}},{"start":{},"end":{}}],"line":34},"1":{"loc":{"start":{"line":86,"column":6},"end":{"line":96,"column":null}},"type":"if","locations":[{"start":{"line":86,"column":6},"end":{"line":96,"column":null}},{"start":{"line":92,"column":13},"end":{"line":96,"column":null}}],"line":86},"2":{"loc":{"start":{"line":89,"column":38},"end":{"line":89,"column":85}},"type":"cond-expr","locations":[{"start":{"line":89,"column":64},"end":{"line":89,"column":80}},{"start":{"line":89,"column":80},"end":{"line":89,"column":85}}],"line":89},"3":{"loc":{"start":{"line":100,"column":22},"end":{"line":100,"column":null}},"type":"binary-expr","locations":[{"start":{"line":100,"column":22},"end":{"line":100,"column":62}},{"start":{"line":100,"column":62},"end":{"line":100,"column":null}}],"line":100},"4":{"loc":{"start":{"line":128,"column":11},"end":{"line":128,"column":null}},"type":"binary-expr","locations":[{"start":{"line":128,"column":11},"end":{"line":128,"column":55}},{"start":{"line":128,"column":55},"end":{"line":128,"column":null}}],"line":128},"5":{"loc":{"start":{"line":133,"column":6},"end":{"line":133,"column":null}},"type":"cond-expr","locations":[{"start":{"line":133,"column":19},"end":{"line":133,"column":50}},{"start":{"line":133,"column":50},"end":{"line":133,"column":null}}],"line":133},"6":{"loc":{"start":{"line":143,"column":16},"end":{"line":145,"column":null}},"type":"cond-expr","locations":[{"start":{"line":144,"column":20},"end":{"line":144,"column":null}},{"start":{"line":145,"column":20},"end":{"line":145,"column":null}}],"line":143},"7":{"loc":{"start":{"line":147,"column":32},"end":{"line":147,"column":null}},"type":"cond-expr","locations":[{"start":{"line":147,"column":53},"end":{"line":147,"column":62}},{"start":{"line":147,"column":62},"end":{"line":147,"column":null}}],"line":147},"8":{"loc":{"start":{"line":150,"column":50},"end":{"line":150,"column":105}},"type":"cond-expr","locations":[{"start":{"line":150,"column":63},"end":{"line":150,"column":85}},{"start":{"line":150,"column":85},"end":{"line":150,"column":105}}],"line":150},"9":{"loc":{"start":{"line":169,"column":18},"end":{"line":171,"column":null}},"type":"cond-expr","locations":[{"start":{"line":170,"column":22},"end":{"line":170,"column":null}},{"start":{"line":171,"column":22},"end":{"line":171,"column":null}}],"line":169},"10":{"loc":{"start":{"line":180,"column":16},"end":{"line":182,"column":null}},"type":"cond-expr","locations":[{"start":{"line":181,"column":20},"end":{"line":181,"column":null}},{"start":{"line":182,"column":20},"end":{"line":182,"column":null}}],"line":180},"11":{"loc":{"start":{"line":192,"column":11},"end":{"line":264,"column":null}},"type":"cond-expr","locations":[{"start":{"line":193,"column":12},"end":{"line":256,"column":13}},{"start":{"line":256,"column":12},"end":{"line":264,"column":null}}],"line":192},"12":{"loc":{"start":{"line":198,"column":20},"end":{"line":200,"column":null}},"type":"cond-expr","locations":[{"start":{"line":199,"column":24},"end":{"line":199,"column":null}},{"start":{"line":200,"column":24},"end":{"line":200,"column":null}}],"line":198},"13":{"loc":{"start":{"line":204,"column":20},"end":{"line":204,"column":null}},"type":"cond-expr","locations":[{"start":{"line":204,"column":33},"end":{"line":204,"column":83}},{"start":{"line":204,"column":83},"end":{"line":204,"column":null}}],"line":204},"14":{"loc":{"start":{"line":210,"column":24},"end":{"line":210,"column":null}},"type":"cond-expr","locations":[{"start":{"line":210,"column":37},"end":{"line":210,"column":72}},{"start":{"line":210,"column":72},"end":{"line":210,"column":null}}],"line":210},"15":{"loc":{"start":{"line":220,"column":28},"end":{"line":220,"column":null}},"type":"cond-expr","locations":[{"start":{"line":220,"column":41},"end":{"line":220,"column":106}},{"start":{"line":220,"column":106},"end":{"line":220,"column":null}}],"line":220},"16":{"loc":{"start":{"line":243,"column":106},"end":{"line":243,"column":null}},"type":"cond-expr","locations":[{"start":{"line":243,"column":119},"end":{"line":243,"column":150}},{"start":{"line":243,"column":150},"end":{"line":243,"column":null}}],"line":243},"17":{"loc":{"start":{"line":248,"column":101},"end":{"line":248,"column":null}},"type":"cond-expr","locations":[{"start":{"line":248,"column":114},"end":{"line":248,"column":149}},{"start":{"line":248,"column":149},"end":{"line":248,"column":null}}],"line":248},"18":{"loc":{"start":{"line":257,"column":14},"end":{"line":257,"column":null}},"type":"cond-expr","locations":[{"start":{"line":257,"column":27},"end":{"line":257,"column":85}},{"start":{"line":257,"column":85},"end":{"line":257,"column":null}}],"line":257},"19":{"loc":{"start":{"line":261,"column":61},"end":{"line":261,"column":null}},"type":"cond-expr","locations":[{"start":{"line":261,"column":74},"end":{"line":261,"column":96}},{"start":{"line":261,"column":96},"end":{"line":261,"column":null}}],"line":261},"20":{"loc":{"start":{"line":262,"column":17},"end":{"line":262,"column":null}},"type":"cond-expr","locations":[{"start":{"line":262,"column":31},"end":{"line":262,"column":97}},{"start":{"line":262,"column":97},"end":{"line":262,"column":null}}],"line":262},"21":{"loc":{"start":{"line":269,"column":9},"end":{"line":370,"column":null}},"type":"binary-expr","locations":[{"start":{"line":269,"column":9},"end":{"line":269,"column":null}},{"start":{"line":270,"column":10},"end":{"line":370,"column":null}}],"line":269},"22":{"loc":{"start":{"line":272,"column":14},"end":{"line":272,"column":null}},"type":"cond-expr","locations":[{"start":{"line":272,"column":27},"end":{"line":272,"column":79}},{"start":{"line":272,"column":79},"end":{"line":272,"column":null}}],"line":272},"23":{"loc":{"start":{"line":277,"column":16},"end":{"line":277,"column":null}},"type":"cond-expr","locations":[{"start":{"line":277,"column":29},"end":{"line":277,"column":69}},{"start":{"line":277,"column":69},"end":{"line":277,"column":null}}],"line":277},"24":{"loc":{"start":{"line":280,"column":19},"end":{"line":280,"column":null}},"type":"cond-expr","locations":[{"start":{"line":280,"column":31},"end":{"line":280,"column":48}},{"start":{"line":280,"column":48},"end":{"line":280,"column":null}}],"line":280},"25":{"loc":{"start":{"line":286,"column":20},"end":{"line":288,"column":null}},"type":"cond-expr","locations":[{"start":{"line":287,"column":24},"end":{"line":287,"column":null}},{"start":{"line":288,"column":24},"end":{"line":288,"column":null}}],"line":286},"26":{"loc":{"start":{"line":302,"column":20},"end":{"line":302,"column":null}},"type":"cond-expr","locations":[{"start":{"line":302,"column":33},"end":{"line":302,"column":70}},{"start":{"line":302,"column":70},"end":{"line":302,"column":null}}],"line":302},"27":{"loc":{"start":{"line":325,"column":20},"end":{"line":325,"column":null}},"type":"cond-expr","locations":[{"start":{"line":325,"column":33},"end":{"line":325,"column":70}},{"start":{"line":325,"column":70},"end":{"line":325,"column":null}}],"line":325},"28":{"loc":{"start":{"line":347,"column":16},"end":{"line":347,"column":null}},"type":"cond-expr","locations":[{"start":{"line":347,"column":29},"end":{"line":347,"column":69}},{"start":{"line":347,"column":69},"end":{"line":347,"column":null}}],"line":347},"29":{"loc":{"start":{"line":360,"column":20},"end":{"line":362,"column":null}},"type":"cond-expr","locations":[{"start":{"line":361,"column":24},"end":{"line":361,"column":null}},{"start":{"line":362,"column":24},"end":{"line":362,"column":null}}],"line":360},"30":{"loc":{"start":{"line":365,"column":19},"end":{"line":365,"column":null}},"type":"cond-expr","locations":[{"start":{"line":365,"column":31},"end":{"line":365,"column":48}},{"start":{"line":365,"column":48},"end":{"line":365,"column":null}}],"line":365},"31":{"loc":{"start":{"line":374,"column":9},"end":{"line":403,"column":null}},"type":"binary-expr","locations":[{"start":{"line":374,"column":9},"end":{"line":374,"column":null}},{"start":{"line":375,"column":10},"end":{"line":403,"column":null}}],"line":374},"32":{"loc":{"start":{"line":377,"column":14},"end":{"line":377,"column":null}},"type":"cond-expr","locations":[{"start":{"line":377,"column":27},"end":{"line":377,"column":79}},{"start":{"line":377,"column":79},"end":{"line":377,"column":null}}],"line":377},"33":{"loc":{"start":{"line":383,"column":44},"end":{"line":383,"column":99}},"type":"cond-expr","locations":[{"start":{"line":383,"column":57},"end":{"line":383,"column":79}},{"start":{"line":383,"column":79},"end":{"line":383,"column":99}}],"line":383}},"s":{"0":66,"1":66,"2":66,"3":66,"4":66,"5":66,"6":66,"7":66,"8":66,"9":66,"10":66,"11":66,"12":66,"13":6,"14":1,"15":1,"16":5,"17":66,"18":5,"19":5,"20":5,"21":5,"22":0,"23":66,"24":14,"25":14,"26":66,"27":30,"28":30,"29":66,"30":2,"31":2,"32":2,"33":2,"34":66,"35":0,"36":0,"37":0,"38":0,"39":66,"40":1,"41":1,"42":1,"43":1,"44":66,"45":1,"46":1,"47":1,"48":1,"49":0,"50":0,"51":0,"52":0,"53":0,"54":1,"55":1,"56":1,"57":1,"58":1,"59":0,"60":0,"61":66,"62":1,"63":1,"64":66,"65":1,"66":1,"67":1,"68":1,"69":1,"70":2,"71":1,"72":1,"73":1,"74":0,"75":0,"76":66,"77":22,"78":22,"79":22,"80":22,"81":66,"82":6,"83":17,"84":0,"85":1,"86":0},"f":{"0":66,"1":6,"2":5,"3":14,"4":14,"5":30,"6":30,"7":2,"8":0,"9":1,"10":1,"11":0,"12":0,"13":1,"14":1,"15":1,"16":1,"17":2,"18":22,"19":6,"20":17,"21":0,"22":1,"23":0},"b":{"0":[1,5],"1":[0,1],"2":[0,0],"3":[0,0],"4":[22,5],"5":[0,66],"6":[0,66],"7":[2,64],"8":[0,66],"9":[0,66],"10":[0,66],"11":[12,54],"12":[0,17],"13":[0,17],"14":[0,17],"15":[0,17],"16":[0,17],"17":[0,17],"18":[0,54],"19":[0,54],"20":[0,54],"21":[66,46],"22":[0,46],"23":[0,46],"24":[0,46],"25":[0,46],"26":[0,46],"27":[0,46],"28":[0,46],"29":[0,46],"30":[0,46],"31":[66,1],"32":[0,1],"33":[0,1]},"meta":{"lastBranch":34,"lastFunction":24,"lastStatement":87,"seen":{"f:13:9:13:21":0,"s:14:28:14:Infinity":0,"s:15:40:15:Infinity":1,"s:17:19:17:27":2,"s:18:25:18:34":3,"s:21:40:21:Infinity":4,"s:22:52:22:Infinity":5,"s:23:42:23:Infinity":6,"s:26:34:26:Infinity":7,"s:27:36:27:Infinity":8,"s:28:38:28:Infinity":9,"s:30:29:30:Infinity":10,"s:31:19:31:31":11,"s:33:2:40:Infinity":12,"f:33:2:33:18":1,"b:34:4:37:Infinity:undefined:undefined:undefined:undefined":0,"s:34:4:37:Infinity":13,"s:35:6:35:Infinity":14,"s:36:6:36:Infinity":15,"s:38:4:38:Infinity":16,"s:42:21:50:Infinity":17,"f:42:21:42:33":2,"s:43:4:49:Infinity":18,"s:44:21:44:Infinity":19,"s:45:23:45:Infinity":20,"s:46:6:46:Infinity":21,"s:48:6:48:Infinity":22,"s:52:8:54:Infinity":23,"f:52:8:52:29":3,"s:53:4:53:Infinity":24,"f:53:4:53:17":4,"s:53:32:53:63":25,"s:56:8:58:Infinity":26,"f:56:8:56:31":5,"s:57:4:57:Infinity":27,"f:57:4:57:17":6,"s:57:32:57:65":28,"s:60:8:65:Infinity":29,"f:60:8:60:32":7,"s:61:4:61:Infinity":30,"s:62:4:62:Infinity":31,"s:63:4:63:Infinity":32,"s:64:4:64:Infinity":33,"s:67:8:72:Infinity":34,"f:67:8:67:25":8,"s:68:4:68:Infinity":35,"s:69:4:69:Infinity":36,"s:70:4:70:Infinity":37,"s:71:4:71:Infinity":38,"s:74:8:79:Infinity":39,"f:74:8:74:27":9,"s:75:4:75:Infinity":40,"s:76:4:76:Infinity":41,"s:77:4:77:Infinity":42,"s:78:4:78:Infinity":43,"s:81:19:103:Infinity":44,"f:81:19:81:26":10,"s:82:4:82:Infinity":45,"s:83:4:102:Infinity":46,"s:84:21:84:Infinity":47,"b:86:6:96:Infinity:92:13:96:Infinity":1,"s:86:6:96:Infinity":48,"s:87:25:87:Infinity":49,"s:88:8:90:Infinity":50,"f:88:8:88:18":11,"s:89:10:89:Infinity":51,"f:89:23:89:28":12,"s:89:38:89:85":52,"b:89:64:89:80:89:80:89:85":2,"s:91:8:91:Infinity":53,"s:93:25:93:Infinity":54,"s:94:8:94:Infinity":55,"f:94:8:94:18":13,"s:94:35:94:67":56,"s:95:8:95:Infinity":57,"s:98:6:98:Infinity":58,"s:100:22:100:Infinity":59,"b:100:22:100:62:100:62:100:Infinity":3,"s:101:6:101:Infinity":60,"s:105:8:108:Infinity":61,"f:105:8:105:25":14,"s:106:4:106:Infinity":62,"s:107:4:107:Infinity":63,"s:110:19:122:Infinity":64,"f:110:19:110:31":15,"s:111:4:121:Infinity":65,"s:112:21:112:Infinity":66,"s:113:6:113:Infinity":67,"s:114:6:114:Infinity":68,"f:114:6:114:16":16,"s:114:33:114:89":69,"f:114:46:114:54":17,"s:114:63:114:88":70,"s:115:6:115:Infinity":71,"s:116:6:116:Infinity":72,"s:117:6:117:Infinity":73,"s:119:6:119:Infinity":74,"s:120:6:120:Infinity":75,"s:124:24:129:Infinity":76,"f:124:30:124:38":18,"s:125:23:125:Infinity":77,"s:126:25:126:Infinity":78,"s:127:18:127:Infinity":79,"s:128:4:128:Infinity":80,"b:128:11:128:55:128:55:128:Infinity":4,"s:131:2:407:Infinity":81,"b:133:19:133:50:133:50:133:Infinity":5,"b:144:20:144:Infinity:145:20:145:Infinity":6,"b:147:53:147:62:147:62:147:Infinity":7,"b:150:63:150:85:150:85:150:105":8,"f:166:16:166:27":19,"s:166:33:166:Infinity":82,"b:170:22:170:Infinity:171:22:171:Infinity":9,"b:181:20:181:Infinity:182:20:182:Infinity":10,"b:193:12:256:13:256:12:264:Infinity":11,"f:194:29:194:34":20,"s:195:16:252:Infinity":83,"b:199:24:199:Infinity:200:24:200:Infinity":12,"b:204:33:204:83:204:83:204:Infinity":13,"b:210:37:210:72:210:72:210:Infinity":14,"f:218:26:218:41":21,"s:218:41:218:Infinity":84,"b:220:41:220:106:220:106:220:Infinity":15,"f:230:26:230:41":22,"s:230:41:230:Infinity":85,"b:243:119:243:150:243:150:243:Infinity":16,"b:248:114:248:149:248:149:248:Infinity":17,"b:257:27:257:85:257:85:257:Infinity":18,"b:261:74:261:96:261:96:261:Infinity":19,"b:262:31:262:97:262:97:262:Infinity":20,"b:269:9:269:Infinity:270:10:370:Infinity":21,"b:272:27:272:79:272:79:272:Infinity":22,"b:277:29:277:69:277:69:277:Infinity":23,"b:280:31:280:48:280:48:280:Infinity":24,"b:287:24:287:Infinity:288:24:288:Infinity":25,"b:302:33:302:70:302:70:302:Infinity":26,"b:325:33:325:70:325:70:325:Infinity":27,"b:347:29:347:69:347:69:347:Infinity":28,"b:361:24:361:Infinity:362:24:362:Infinity":29,"b:365:31:365:48:365:48:365:Infinity":30,"b:374:9:374:Infinity:375:10:403:Infinity":31,"b:377:27:377:79:377:79:377:Infinity":32,"b:383:57:383:79:383:79:383:99":33,"f:389:18:389:33":23,"s:389:33:389:Infinity":86},"fnNames":{}}}
,"C:\\Users\\sufya\\Documents\\Programming\\10 Pearls\\cohort-9-mern-11561-sufyan\\frontend\\src\\pages\\Login.jsx": {"path":"C:\\Users\\sufya\\Documents\\Programming\\10 Pearls\\cohort-9-mern-11561-sufyan\\frontend\\src\\pages\\Login.jsx","statementMap":{"0":{"start":{"line":11,"column":34},"end":{"line":14,"column":null}},"1":{"start":{"line":16,"column":42},"end":{"line":16,"column":null}},"2":{"start":{"line":19,"column":20},"end":{"line":19,"column":28}},"3":{"start":{"line":20,"column":38},"end":{"line":20,"column":47}},"4":{"start":{"line":22,"column":30},"end":{"line":22,"column":null}},"5":{"start":{"line":23,"column":19},"end":{"line":23,"column":31}},"6":{"start":{"line":25,"column":8},"end":{"line":30,"column":null}},"7":{"start":{"line":26,"column":4},"end":{"line":29,"column":null}},"8":{"start":{"line":26,"column":32},"end":{"line":29,"column":6}},"9":{"start":{"line":32,"column":19},"end":{"line":54,"column":null}},"10":{"start":{"line":33,"column":4},"end":{"line":33,"column":null}},"11":{"start":{"line":35,"column":4},"end":{"line":53,"column":null}},"12":{"start":{"line":36,"column":23},"end":{"line":39,"column":null}},"13":{"start":{"line":41,"column":6},"end":{"line":46,"column":null}},"14":{"start":{"line":43,"column":8},"end":{"line":43,"column":null}},"15":{"start":{"line":44,"column":8},"end":{"line":44,"column":null}},"16":{"start":{"line":45,"column":8},"end":{"line":45,"column":null}},"17":{"start":{"line":49,"column":8},"end":{"line":51,"column":null}},"18":{"start":{"line":52,"column":6},"end":{"line":52,"column":null}},"19":{"start":{"line":56,"column":2},"end":{"line":194,"column":null}},"20":{"start":{"line":148,"column":33},"end":{"line":148,"column":null}}},"fnMap":{"0":{"name":"Login","decl":{"start":{"line":10,"column":9},"end":{"line":10,"column":17}},"loc":{"start":{"line":10,"column":17},"end":{"line":196,"column":null}},"line":10},"1":{"name":"(anonymous_1)","decl":{"start":{"line":25,"column":8},"end":{"line":25,"column":20}},"loc":{"start":{"line":25,"column":26},"end":{"line":30,"column":null}},"line":25},"2":{"name":"(anonymous_2)","decl":{"start":{"line":26,"column":4},"end":{"line":26,"column":17}},"loc":{"start":{"line":26,"column":32},"end":{"line":29,"column":6}},"line":26},"3":{"name":"(anonymous_3)","decl":{"start":{"line":32,"column":19},"end":{"line":32,"column":26}},"loc":{"start":{"line":32,"column":32},"end":{"line":54,"column":null}},"line":32},"4":{"name":"(anonymous_4)","decl":{"start":{"line":148,"column":18},"end":{"line":148,"column":33}},"loc":{"start":{"line":148,"column":33},"end":{"line":148,"column":null}},"line":148}},"branchMap":{"0":{"loc":{"start":{"line":41,"column":6},"end":{"line":46,"column":null}},"type":"if","locations":[{"start":{"line":41,"column":6},"end":{"line":46,"column":null}},{"start":{},"end":{}}],"line":41},"1":{"loc":{"start":{"line":49,"column":8},"end":{"line":51,"column":null}},"type":"binary-expr","locations":[{"start":{"line":49,"column":8},"end":{"line":49,"column":null}},{"start":{"line":50,"column":8},"end":{"line":50,"column":null}},{"start":{"line":51,"column":8},"end":{"line":51,"column":null}}],"line":49},"2":{"loc":{"start":{"line":58,"column":6},"end":{"line":58,"column":null}},"type":"cond-expr","locations":[{"start":{"line":58,"column":19},"end":{"line":58,"column":36}},{"start":{"line":58,"column":36},"end":{"line":58,"column":null}}],"line":58},"3":{"loc":{"start":{"line":66,"column":10},"end":{"line":68,"column":null}},"type":"cond-expr","locations":[{"start":{"line":67,"column":14},"end":{"line":67,"column":null}},{"start":{"line":68,"column":14},"end":{"line":68,"column":null}}],"line":66},"4":{"loc":{"start":{"line":72,"column":9},"end":{"line":72,"column":null}},"type":"cond-expr","locations":[{"start":{"line":72,"column":22},"end":{"line":72,"column":29}},{"start":{"line":72,"column":29},"end":{"line":72,"column":null}}],"line":72},"5":{"loc":{"start":{"line":77,"column":8},"end":{"line":79,"column":null}},"type":"cond-expr","locations":[{"start":{"line":78,"column":12},"end":{"line":78,"column":null}},{"start":{"line":79,"column":12},"end":{"line":79,"column":null}}],"line":77},"6":{"loc":{"start":{"line":83,"column":12},"end":{"line":85,"column":null}},"type":"cond-expr","locations":[{"start":{"line":84,"column":16},"end":{"line":84,"column":null}},{"start":{"line":85,"column":16},"end":{"line":85,"column":null}}],"line":83},"7":{"loc":{"start":{"line":90,"column":12},"end":{"line":90,"column":null}},"type":"cond-expr","locations":[{"start":{"line":90,"column":25},"end":{"line":90,"column":43}},{"start":{"line":90,"column":43},"end":{"line":90,"column":null}}],"line":90},"8":{"loc":{"start":{"line":95,"column":12},"end":{"line":95,"column":null}},"type":"cond-expr","locations":[{"start":{"line":95,"column":25},"end":{"line":95,"column":47}},{"start":{"line":95,"column":47},"end":{"line":95,"column":null}}],"line":95},"9":{"loc":{"start":{"line":105,"column":16},"end":{"line":105,"column":null}},"type":"cond-expr","locations":[{"start":{"line":105,"column":29},"end":{"line":105,"column":51}},{"start":{"line":105,"column":51},"end":{"line":105,"column":null}}],"line":105},"10":{"loc":{"start":{"line":118,"column":18},"end":{"line":120,"column":null}},"type":"cond-expr","locations":[{"start":{"line":119,"column":22},"end":{"line":119,"column":null}},{"start":{"line":120,"column":22},"end":{"line":120,"column":null}}],"line":118},"11":{"loc":{"start":{"line":127,"column":16},"end":{"line":127,"column":null}},"type":"cond-expr","locations":[{"start":{"line":127,"column":29},"end":{"line":127,"column":51}},{"start":{"line":127,"column":51},"end":{"line":127,"column":null}}],"line":127},"12":{"loc":{"start":{"line":134,"column":24},"end":{"line":134,"column":null}},"type":"cond-expr","locations":[{"start":{"line":134,"column":39},"end":{"line":134,"column":48}},{"start":{"line":134,"column":48},"end":{"line":134,"column":null}}],"line":134},"13":{"loc":{"start":{"line":141,"column":20},"end":{"line":143,"column":null}},"type":"cond-expr","locations":[{"start":{"line":142,"column":24},"end":{"line":142,"column":null}},{"start":{"line":143,"column":22},"end":{"line":143,"column":null}}],"line":141},"14":{"loc":{"start":{"line":150,"column":20},"end":{"line":152,"column":null}},"type":"cond-expr","locations":[{"start":{"line":151,"column":24},"end":{"line":151,"column":null}},{"start":{"line":152,"column":24},"end":{"line":152,"column":null}}],"line":150},"15":{"loc":{"start":{"line":154,"column":30},"end":{"line":154,"column":null}},"type":"cond-expr","locations":[{"start":{"line":154,"column":45},"end":{"line":154,"column":63}},{"start":{"line":154,"column":63},"end":{"line":154,"column":null}}],"line":154},"16":{"loc":{"start":{"line":156,"column":19},"end":{"line":164,"column":null}},"type":"cond-expr","locations":[{"start":{"line":157,"column":20},"end":{"line":161,"column":21}},{"start":{"line":161,"column":20},"end":{"line":164,"column":null}}],"line":156},"17":{"loc":{"start":{"line":173,"column":16},"end":{"line":175,"column":null}},"type":"cond-expr","locations":[{"start":{"line":174,"column":20},"end":{"line":174,"column":null}},{"start":{"line":175,"column":20},"end":{"line":175,"column":null}}],"line":173},"18":{"loc":{"start":{"line":184,"column":10},"end":{"line":184,"column":null}},"type":"cond-expr","locations":[{"start":{"line":184,"column":23},"end":{"line":184,"column":45}},{"start":{"line":184,"column":45},"end":{"line":184,"column":null}}],"line":184},"19":{"loc":{"start":{"line":188,"column":12},"end":{"line":188,"column":null}},"type":"cond-expr","locations":[{"start":{"line":188,"column":25},"end":{"line":188,"column":44}},{"start":{"line":188,"column":44},"end":{"line":188,"column":null}}],"line":188}},"s":{"0":87,"1":87,"2":87,"3":87,"4":87,"5":87,"6":87,"7":80,"8":80,"9":87,"10":2,"11":2,"12":2,"13":1,"14":1,"15":1,"16":1,"17":1,"18":1,"19":87,"20":2},"f":{"0":87,"1":80,"2":80,"3":2,"4":2},"b":{"0":[1,0],"1":[1,0,0],"2":[0,87],"3":[0,87],"4":[0,87],"5":[0,87],"6":[0,87],"7":[0,87],"8":[0,87],"9":[0,87],"10":[0,87],"11":[0,87],"12":[1,86],"13":[0,87],"14":[0,87],"15":[1,86],"16":[1,86],"17":[0,87],"18":[0,87],"19":[0,87]},"meta":{"lastBranch":20,"lastFunction":5,"lastStatement":21,"seen":{"f:10:9:10:17":0,"s:11:34:14:Infinity":0,"s:16:42:16:Infinity":1,"s:19:20:19:28":2,"s:20:38:20:47":3,"s:22:30:22:Infinity":4,"s:23:19:23:31":5,"s:25:8:30:Infinity":6,"f:25:8:25:20":1,"s:26:4:29:Infinity":7,"f:26:4:26:17":2,"s:26:32:29:6":8,"s:32:19:54:Infinity":9,"f:32:19:32:26":3,"s:33:4:33:Infinity":10,"s:35:4:53:Infinity":11,"s:36:23:39:Infinity":12,"b:41:6:46:Infinity:undefined:undefined:undefined:undefined":0,"s:41:6:46:Infinity":13,"s:43:8:43:Infinity":14,"s:44:8:44:Infinity":15,"s:45:8:45:Infinity":16,"s:49:8:51:Infinity":17,"b:49:8:49:Infinity:50:8:50:Infinity:51:8:51:Infinity":1,"s:52:6:52:Infinity":18,"s:56:2:194:Infinity":19,"b:58:19:58:36:58:36:58:Infinity":2,"b:67:14:67:Infinity:68:14:68:Infinity":3,"b:72:22:72:29:72:29:72:Infinity":4,"b:78:12:78:Infinity:79:12:79:Infinity":5,"b:84:16:84:Infinity:85:16:85:Infinity":6,"b:90:25:90:43:90:43:90:Infinity":7,"b:95:25:95:47:95:47:95:Infinity":8,"b:105:29:105:51:105:51:105:Infinity":9,"b:119:22:119:Infinity:120:22:120:Infinity":10,"b:127:29:127:51:127:51:127:Infinity":11,"b:134:39:134:48:134:48:134:Infinity":12,"b:142:24:142:Infinity:143:22:143:Infinity":13,"f:148:18:148:33":4,"s:148:33:148:Infinity":20,"b:151:24:151:Infinity:152:24:152:Infinity":14,"b:154:45:154:63:154:63:154:Infinity":15,"b:157:20:161:21:161:20:164:Infinity":16,"b:174:20:174:Infinity:175:20:175:Infinity":17,"b:184:23:184:45:184:45:184:Infinity":18,"b:188:25:188:44:188:44:188:Infinity":19},"fnNames":{}}}
,"C:\\Users\\sufya\\Documents\\Programming\\10 Pearls\\cohort-9-mern-11561-sufyan\\frontend\\src\\pages\\Profile.jsx": {"path":"C:\\Users\\sufya\\Documents\\Programming\\10 Pearls\\cohort-9-mern-11561-sufyan\\frontend\\src\\pages\\Profile.jsx","statementMap":{"0":{"start":{"line":9,"column":34},"end":{"line":9,"column":42}},"1":{"start":{"line":10,"column":25},"end":{"line":10,"column":34}},"2":{"start":{"line":11,"column":19},"end":{"line":11,"column":31}},"3":{"start":{"line":13,"column":23},"end":{"line":13,"column":null}},"4":{"start":{"line":14,"column":40},"end":{"line":14,"column":null}},"5":{"start":{"line":16,"column":44},"end":{"line":16,"column":null}},"6":{"start":{"line":17,"column":38},"end":{"line":17,"column":null}},"7":{"start":{"line":18,"column":42},"end":{"line":18,"column":null}},"8":{"start":{"line":20,"column":2},"end":{"line":22,"column":null}},"9":{"start":{"line":21,"column":4},"end":{"line":21,"column":null}},"10":{"start":{"line":21,"column":15},"end":{"line":21,"column":null}},"11":{"start":{"line":24,"column":8},"end":{"line":27,"column":null}},"12":{"start":{"line":25,"column":4},"end":{"line":25,"column":null}},"13":{"start":{"line":26,"column":4},"end":{"line":26,"column":null}},"14":{"start":{"line":29,"column":25},"end":{"line":53,"column":null}},"15":{"start":{"line":30,"column":4},"end":{"line":33,"column":null}},"16":{"start":{"line":31,"column":6},"end":{"line":31,"column":null}},"17":{"start":{"line":32,"column":6},"end":{"line":32,"column":null}},"18":{"start":{"line":34,"column":4},"end":{"line":37,"column":null}},"19":{"start":{"line":35,"column":6},"end":{"line":35,"column":null}},"20":{"start":{"line":36,"column":6},"end":{"line":36,"column":null}},"21":{"start":{"line":39,"column":4},"end":{"line":39,"column":null}},"22":{"start":{"line":40,"column":4},"end":{"line":52,"column":null}},"23":{"start":{"line":41,"column":21},"end":{"line":41,"column":null}},"24":{"start":{"line":42,"column":23},"end":{"line":42,"column":null}},"25":{"start":{"line":44,"column":6},"end":{"line":44,"column":null}},"26":{"start":{"line":45,"column":6},"end":{"line":45,"column":null}},"27":{"start":{"line":46,"column":6},"end":{"line":46,"column":null}},"28":{"start":{"line":47,"column":6},"end":{"line":47,"column":null}},"29":{"start":{"line":49,"column":6},"end":{"line":49,"column":null}},"30":{"start":{"line":51,"column":6},"end":{"line":51,"column":null}},"31":{"start":{"line":55,"column":28},"end":{"line":79,"column":null}},"32":{"start":{"line":56,"column":17},"end":{"line":56,"column":null}},"33":{"start":{"line":57,"column":4},"end":{"line":57,"column":null}},"34":{"start":{"line":57,"column":15},"end":{"line":57,"column":null}},"35":{"start":{"line":59,"column":4},"end":{"line":59,"column":null}},"36":{"start":{"line":60,"column":4},"end":{"line":78,"column":null}},"37":{"start":{"line":61,"column":23},"end":{"line":61,"column":null}},"38":{"start":{"line":62,"column":6},"end":{"line":62,"column":null}},"39":{"start":{"line":64,"column":21},"end":{"line":69,"column":null}},"40":{"start":{"line":71,"column":23},"end":{"line":71,"column":null}},"41":{"start":{"line":72,"column":6},"end":{"line":72,"column":null}},"42":{"start":{"line":73,"column":6},"end":{"line":73,"column":null}},"43":{"start":{"line":75,"column":6},"end":{"line":75,"column":null}},"44":{"start":{"line":77,"column":6},"end":{"line":77,"column":null}},"45":{"start":{"line":81,"column":2},"end":{"line":81,"column":null}},"46":{"start":{"line":81,"column":13},"end":{"line":81,"column":null}},"47":{"start":{"line":83,"column":2},"end":{"line":211,"column":null}},"48":{"start":{"line":102,"column":27},"end":{"line":102,"column":null}},"49":{"start":{"line":135,"column":35},"end":{"line":135,"column":null}},"50":{"start":{"line":157,"column":35},"end":{"line":157,"column":60}},"51":{"start":{"line":157,"column":60},"end":{"line":157,"column":86}},"52":{"start":{"line":168,"column":106},"end":{"line":168,"column":null}}},"fnMap":{"0":{"name":"Profile","decl":{"start":{"line":8,"column":9},"end":{"line":8,"column":19}},"loc":{"start":{"line":8,"column":19},"end":{"line":213,"column":null}},"line":8},"1":{"name":"(anonymous_1)","decl":{"start":{"line":20,"column":2},"end":{"line":20,"column":18}},"loc":{"start":{"line":20,"column":18},"end":{"line":22,"column":5}},"line":20},"2":{"name":"(anonymous_2)","decl":{"start":{"line":24,"column":8},"end":{"line":24,"column":29}},"loc":{"start":{"line":24,"column":29},"end":{"line":27,"column":null}},"line":24},"3":{"name":"(anonymous_3)","decl":{"start":{"line":29,"column":25},"end":{"line":29,"column":37}},"loc":{"start":{"line":29,"column":37},"end":{"line":53,"column":null}},"line":29},"4":{"name":"(anonymous_4)","decl":{"start":{"line":55,"column":28},"end":{"line":55,"column":35}},"loc":{"start":{"line":55,"column":41},"end":{"line":79,"column":null}},"line":55},"5":{"name":"(anonymous_5)","decl":{"start":{"line":102,"column":12},"end":{"line":102,"column":27}},"loc":{"start":{"line":102,"column":27},"end":{"line":102,"column":null}},"line":102},"6":{"name":"(anonymous_6)","decl":{"start":{"line":135,"column":18},"end":{"line":135,"column":29}},"loc":{"start":{"line":135,"column":35},"end":{"line":135,"column":null}},"line":135},"7":{"name":"(anonymous_7)","decl":{"start":{"line":157,"column":18},"end":{"line":157,"column":33}},"loc":{"start":{"line":157,"column":33},"end":{"line":157,"column":null}},"line":157},"8":{"name":"(anonymous_8)","decl":{"start":{"line":168,"column":91},"end":{"line":168,"column":106}},"loc":{"start":{"line":168,"column":106},"end":{"line":168,"column":null}},"line":168}},"branchMap":{"0":{"loc":{"start":{"line":17,"column":47},"end":{"line":17,"column":63}},"type":"binary-expr","locations":[{"start":{"line":17,"column":47},"end":{"line":17,"column":61}},{"start":{"line":17,"column":61},"end":{"line":17,"column":63}}],"line":17},"1":{"loc":{"start":{"line":21,"column":4},"end":{"line":21,"column":null}},"type":"if","locations":[{"start":{"line":21,"column":4},"end":{"line":21,"column":null}},{"start":{},"end":{}}],"line":21},"2":{"loc":{"start":{"line":30,"column":4},"end":{"line":33,"column":null}},"type":"if","locations":[{"start":{"line":30,"column":4},"end":{"line":33,"column":null}},{"start":{},"end":{}}],"line":30},"3":{"loc":{"start":{"line":34,"column":4},"end":{"line":37,"column":null}},"type":"if","locations":[{"start":{"line":34,"column":4},"end":{"line":37,"column":null}},{"start":{},"end":{}}],"line":34},"4":{"loc":{"start":{"line":49,"column":18},"end":{"line":49,"column":84}},"type":"binary-expr","locations":[{"start":{"line":49,"column":18},"end":{"line":49,"column":58}},{"start":{"line":49,"column":58},"end":{"line":49,"column":84}}],"line":49},"5":{"loc":{"start":{"line":57,"column":4},"end":{"line":57,"column":null}},"type":"if","locations":[{"start":{"line":57,"column":4},"end":{"line":57,"column":null}},{"start":{},"end":{}}],"line":57},"6":{"loc":{"start":{"line":81,"column":2},"end":{"line":81,"column":null}},"type":"if","locations":[{"start":{"line":81,"column":2},"end":{"line":81,"column":null}},{"start":{},"end":{}}],"line":81},"7":{"loc":{"start":{"line":85,"column":6},"end":{"line":85,"column":null}},"type":"cond-expr","locations":[{"start":{"line":85,"column":19},"end":{"line":85,"column":36}},{"start":{"line":85,"column":36},"end":{"line":85,"column":null}}],"line":85},"8":{"loc":{"start":{"line":88,"column":8},"end":{"line":88,"column":null}},"type":"cond-expr","locations":[{"start":{"line":88,"column":21},"end":{"line":88,"column":80}},{"start":{"line":88,"column":80},"end":{"line":88,"column":null}}],"line":88},"9":{"loc":{"start":{"line":105,"column":14},"end":{"line":105,"column":null}},"type":"cond-expr","locations":[{"start":{"line":105,"column":27},"end":{"line":105,"column":82}},{"start":{"line":105,"column":82},"end":{"line":105,"column":null}}],"line":105},"10":{"loc":{"start":{"line":108,"column":13},"end":{"line":111,"column":null}},"type":"cond-expr","locations":[{"start":{"line":109,"column":14},"end":{"line":111,"column":20}},{"start":{"line":111,"column":14},"end":{"line":111,"column":null}}],"line":108},"11":{"loc":{"start":{"line":115,"column":15},"end":{"line":121,"column":null}},"type":"cond-expr","locations":[{"start":{"line":116,"column":16},"end":{"line":118,"column":17}},{"start":{"line":118,"column":16},"end":{"line":121,"column":null}}],"line":115},"12":{"loc":{"start":{"line":130,"column":13},"end":{"line":181,"column":null}},"type":"cond-expr","locations":[{"start":{"line":131,"column":14},"end":{"line":168,"column":15}},{"start":{"line":168,"column":14},"end":{"line":181,"column":null}}],"line":130},"13":{"loc":{"start":{"line":138,"column":20},"end":{"line":140,"column":null}},"type":"cond-expr","locations":[{"start":{"line":139,"column":24},"end":{"line":139,"column":null}},{"start":{"line":140,"column":24},"end":{"line":140,"column":null}}],"line":138},"14":{"loc":{"start":{"line":148,"column":20},"end":{"line":148,"column":null}},"type":"cond-expr","locations":[{"start":{"line":148,"column":33},"end":{"line":148,"column":90}},{"start":{"line":148,"column":90},"end":{"line":148,"column":null}}],"line":148},"15":{"loc":{"start":{"line":159,"column":20},"end":{"line":159,"column":null}},"type":"cond-expr","locations":[{"start":{"line":159,"column":33},"end":{"line":159,"column":84}},{"start":{"line":159,"column":84},"end":{"line":159,"column":null}}],"line":159},"16":{"loc":{"start":{"line":169,"column":72},"end":{"line":169,"column":null}},"type":"cond-expr","locations":[{"start":{"line":169,"column":85},"end":{"line":169,"column":103}},{"start":{"line":169,"column":103},"end":{"line":169,"column":null}}],"line":169},"17":{"loc":{"start":{"line":173,"column":18},"end":{"line":175,"column":null}},"type":"cond-expr","locations":[{"start":{"line":174,"column":22},"end":{"line":174,"column":null}},{"start":{"line":175,"column":22},"end":{"line":175,"column":null}}],"line":173},"18":{"loc":{"start":{"line":185,"column":35},"end":{"line":185,"column":null}},"type":"cond-expr","locations":[{"start":{"line":185,"column":48},"end":{"line":185,"column":70}},{"start":{"line":185,"column":70},"end":{"line":185,"column":null}}],"line":185},"19":{"loc":{"start":{"line":190,"column":12},"end":{"line":190,"column":null}},"type":"cond-expr","locations":[{"start":{"line":190,"column":25},"end":{"line":190,"column":80}},{"start":{"line":190,"column":80},"end":{"line":190,"column":null}}],"line":190},"20":{"loc":{"start":{"line":200,"column":12},"end":{"line":200,"column":null}},"type":"cond-expr","locations":[{"start":{"line":200,"column":25},"end":{"line":200,"column":106}},{"start":{"line":200,"column":106},"end":{"line":200,"column":null}}],"line":200},"21":{"loc":{"start":{"line":205,"column":12},"end":{"line":205,"column":null}},"type":"cond-expr","locations":[{"start":{"line":205,"column":25},"end":{"line":205,"column":101}},{"start":{"line":205,"column":101},"end":{"line":205,"column":null}}],"line":205}},"s":{"0":25,"1":25,"2":25,"3":25,"4":25,"5":25,"6":25,"7":25,"8":25,"9":5,"10":1,"11":25,"12":1,"13":1,"14":25,"15":2,"16":1,"17":1,"18":1,"19":0,"20":0,"21":1,"22":1,"23":1,"24":1,"25":1,"26":1,"27":1,"28":1,"29":0,"30":1,"31":25,"32":0,"33":0,"34":0,"35":0,"36":0,"37":0,"38":0,"39":0,"40":0,"41":0,"42":0,"43":0,"44":0,"45":25,"46":1,"47":24,"48":0,"49":16,"50":0,"51":0,"52":2},"f":{"0":25,"1":5,"2":1,"3":2,"4":0,"5":0,"6":16,"7":0,"8":2},"b":{"0":[25,1],"1":[1,4],"2":[1,1],"3":[0,1],"4":[0,0],"5":[0,0],"6":[1,24],"7":[0,24],"8":[0,24],"9":[0,24],"10":[0,24],"11":[0,24],"12":[19,5],"13":[0,19],"14":[0,19],"15":[0,19],"16":[0,5],"17":[0,5],"18":[0,24],"19":[0,24],"20":[0,24],"21":[0,24]},"meta":{"lastBranch":22,"lastFunction":9,"lastStatement":53,"seen":{"f:8:9:8:19":0,"s:9:34:9:42":0,"s:10:25:10:34":1,"s:11:19:11:31":2,"s:13:23:13:Infinity":3,"s:14:40:14:Infinity":4,"s:16:44:16:Infinity":5,"s:17:38:17:Infinity":6,"b:17:47:17:61:17:61:17:63":0,"s:18:42:18:Infinity":7,"s:20:2:22:Infinity":8,"f:20:2:20:18":1,"b:21:4:21:Infinity:undefined:undefined:undefined:undefined":1,"s:21:4:21:Infinity":9,"s:21:15:21:Infinity":10,"s:24:8:27:Infinity":11,"f:24:8:24:29":2,"s:25:4:25:Infinity":12,"s:26:4:26:Infinity":13,"s:29:25:53:Infinity":14,"f:29:25:29:37":3,"b:30:4:33:Infinity:undefined:undefined:undefined:undefined":2,"s:30:4:33:Infinity":15,"s:31:6:31:Infinity":16,"s:32:6:32:Infinity":17,"b:34:4:37:Infinity:undefined:undefined:undefined:undefined":3,"s:34:4:37:Infinity":18,"s:35:6:35:Infinity":19,"s:36:6:36:Infinity":20,"s:39:4:39:Infinity":21,"s:40:4:52:Infinity":22,"s:41:21:41:Infinity":23,"s:42:23:42:Infinity":24,"s:44:6:44:Infinity":25,"s:45:6:45:Infinity":26,"s:46:6:46:Infinity":27,"s:47:6:47:Infinity":28,"s:49:6:49:Infinity":29,"b:49:18:49:58:49:58:49:84":4,"s:51:6:51:Infinity":30,"s:55:28:79:Infinity":31,"f:55:28:55:35":4,"s:56:17:56:Infinity":32,"b:57:4:57:Infinity:undefined:undefined:undefined:undefined":5,"s:57:4:57:Infinity":33,"s:57:15:57:Infinity":34,"s:59:4:59:Infinity":35,"s:60:4:78:Infinity":36,"s:61:23:61:Infinity":37,"s:62:6:62:Infinity":38,"s:64:21:69:Infinity":39,"s:71:23:71:Infinity":40,"s:72:6:72:Infinity":41,"s:73:6:73:Infinity":42,"s:75:6:75:Infinity":43,"s:77:6:77:Infinity":44,"b:81:2:81:Infinity:undefined:undefined:undefined:undefined":6,"s:81:2:81:Infinity":45,"s:81:13:81:Infinity":46,"s:83:2:211:Infinity":47,"b:85:19:85:36:85:36:85:Infinity":7,"b:88:21:88:80:88:80:88:Infinity":8,"f:102:12:102:27":5,"s:102:27:102:Infinity":48,"b:105:27:105:82:105:82:105:Infinity":9,"b:109:14:111:20:111:14:111:Infinity":10,"b:116:16:118:17:118:16:121:Infinity":11,"b:131:14:168:15:168:14:181:Infinity":12,"f:135:18:135:29":6,"s:135:35:135:Infinity":49,"b:139:24:139:Infinity:140:24:140:Infinity":13,"b:148:33:148:90:148:90:148:Infinity":14,"f:157:18:157:33":7,"s:157:35:157:60":50,"s:157:60:157:86":51,"b:159:33:159:84:159:84:159:Infinity":15,"f:168:91:168:106":8,"s:168:106:168:Infinity":52,"b:169:85:169:103:169:103:169:Infinity":16,"b:174:22:174:Infinity:175:22:175:Infinity":17,"b:185:48:185:70:185:70:185:Infinity":18,"b:190:25:190:80:190:80:190:Infinity":19,"b:200:25:200:106:200:106:200:Infinity":20,"b:205:25:205:101:205:101:205:Infinity":21},"fnNames":{}}}
,"C:\\Users\\sufya\\Documents\\Programming\\10 Pearls\\cohort-9-mern-11561-sufyan\\frontend\\src\\pages\\Register.jsx": {"path":"C:\\Users\\sufya\\Documents\\Programming\\10 Pearls\\cohort-9-mern-11561-sufyan\\frontend\\src\\pages\\Register.jsx","statementMap":{"0":{"start":{"line":11,"column":34},"end":{"line":15,"column":null}},"1":{"start":{"line":17,"column":42},"end":{"line":17,"column":null}},"2":{"start":{"line":18,"column":44},"end":{"line":18,"column":null}},"3":{"start":{"line":21,"column":20},"end":{"line":21,"column":28}},"4":{"start":{"line":22,"column":38},"end":{"line":22,"column":47}},"5":{"start":{"line":24,"column":36},"end":{"line":24,"column":null}},"6":{"start":{"line":25,"column":19},"end":{"line":25,"column":31}},"7":{"start":{"line":27,"column":8},"end":{"line":35,"column":null}},"8":{"start":{"line":28,"column":4},"end":{"line":31,"column":null}},"9":{"start":{"line":28,"column":32},"end":{"line":31,"column":6}},"10":{"start":{"line":32,"column":4},"end":{"line":34,"column":null}},"11":{"start":{"line":33,"column":6},"end":{"line":33,"column":null}},"12":{"start":{"line":37,"column":19},"end":{"line":72,"column":null}},"13":{"start":{"line":38,"column":4},"end":{"line":38,"column":null}},"14":{"start":{"line":39,"column":4},"end":{"line":39,"column":null}},"15":{"start":{"line":41,"column":23},"end":{"line":41,"column":null}},"16":{"start":{"line":42,"column":4},"end":{"line":45,"column":null}},"17":{"start":{"line":43,"column":6},"end":{"line":43,"column":null}},"18":{"start":{"line":44,"column":6},"end":{"line":44,"column":null}},"19":{"start":{"line":47,"column":4},"end":{"line":50,"column":null}},"20":{"start":{"line":48,"column":6},"end":{"line":48,"column":null}},"21":{"start":{"line":49,"column":6},"end":{"line":49,"column":null}},"22":{"start":{"line":52,"column":4},"end":{"line":71,"column":null}},"23":{"start":{"line":53,"column":23},"end":{"line":57,"column":null}},"24":{"start":{"line":59,"column":6},"end":{"line":64,"column":null}},"25":{"start":{"line":61,"column":8},"end":{"line":61,"column":null}},"26":{"start":{"line":62,"column":8},"end":{"line":62,"column":null}},"27":{"start":{"line":63,"column":8},"end":{"line":63,"column":null}},"28":{"start":{"line":67,"column":8},"end":{"line":69,"column":null}},"29":{"start":{"line":70,"column":6},"end":{"line":70,"column":null}},"30":{"start":{"line":74,"column":2},"end":{"line":241,"column":null}},"31":{"start":{"line":190,"column":33},"end":{"line":190,"column":null}}},"fnMap":{"0":{"name":"Register","decl":{"start":{"line":10,"column":9},"end":{"line":10,"column":20}},"loc":{"start":{"line":10,"column":20},"end":{"line":243,"column":null}},"line":10},"1":{"name":"(anonymous_1)","decl":{"start":{"line":27,"column":8},"end":{"line":27,"column":20}},"loc":{"start":{"line":27,"column":26},"end":{"line":35,"column":null}},"line":27},"2":{"name":"(anonymous_2)","decl":{"start":{"line":28,"column":4},"end":{"line":28,"column":17}},"loc":{"start":{"line":28,"column":32},"end":{"line":31,"column":6}},"line":28},"3":{"name":"(anonymous_3)","decl":{"start":{"line":37,"column":19},"end":{"line":37,"column":26}},"loc":{"start":{"line":37,"column":32},"end":{"line":72,"column":null}},"line":37},"4":{"name":"(anonymous_4)","decl":{"start":{"line":190,"column":18},"end":{"line":190,"column":33}},"loc":{"start":{"line":190,"column":33},"end":{"line":190,"column":null}},"line":190}},"branchMap":{"0":{"loc":{"start":{"line":32,"column":4},"end":{"line":34,"column":null}},"type":"if","locations":[{"start":{"line":32,"column":4},"end":{"line":34,"column":null}},{"start":{},"end":{}}],"line":32},"1":{"loc":{"start":{"line":42,"column":4},"end":{"line":45,"column":null}},"type":"if","locations":[{"start":{"line":42,"column":4},"end":{"line":45,"column":null}},{"start":{},"end":{}}],"line":42},"2":{"loc":{"start":{"line":47,"column":4},"end":{"line":50,"column":null}},"type":"if","locations":[{"start":{"line":47,"column":4},"end":{"line":50,"column":null}},{"start":{},"end":{}}],"line":47},"3":{"loc":{"start":{"line":59,"column":6},"end":{"line":64,"column":null}},"type":"if","locations":[{"start":{"line":59,"column":6},"end":{"line":64,"column":null}},{"start":{},"end":{}}],"line":59},"4":{"loc":{"start":{"line":67,"column":8},"end":{"line":69,"column":null}},"type":"binary-expr","locations":[{"start":{"line":67,"column":8},"end":{"line":67,"column":null}},{"start":{"line":68,"column":8},"end":{"line":68,"column":null}},{"start":{"line":69,"column":8},"end":{"line":69,"column":null}}],"line":67},"5":{"loc":{"start":{"line":76,"column":6},"end":{"line":76,"column":null}},"type":"cond-expr","locations":[{"start":{"line":76,"column":19},"end":{"line":76,"column":36}},{"start":{"line":76,"column":36},"end":{"line":76,"column":null}}],"line":76},"6":{"loc":{"start":{"line":84,"column":10},"end":{"line":86,"column":null}},"type":"cond-expr","locations":[{"start":{"line":85,"column":14},"end":{"line":85,"column":null}},{"start":{"line":86,"column":14},"end":{"line":86,"column":null}}],"line":84},"7":{"loc":{"start":{"line":90,"column":9},"end":{"line":90,"column":null}},"type":"cond-expr","locations":[{"start":{"line":90,"column":22},"end":{"line":90,"column":29}},{"start":{"line":90,"column":29},"end":{"line":90,"column":null}}],"line":90},"8":{"loc":{"start":{"line":95,"column":8},"end":{"line":97,"column":null}},"type":"cond-expr","locations":[{"start":{"line":96,"column":12},"end":{"line":96,"column":null}},{"start":{"line":97,"column":12},"end":{"line":97,"column":null}}],"line":95},"9":{"loc":{"start":{"line":101,"column":12},"end":{"line":103,"column":null}},"type":"cond-expr","locations":[{"start":{"line":102,"column":16},"end":{"line":102,"column":null}},{"start":{"line":103,"column":16},"end":{"line":103,"column":null}}],"line":101},"10":{"loc":{"start":{"line":108,"column":12},"end":{"line":108,"column":null}},"type":"cond-expr","locations":[{"start":{"line":108,"column":25},"end":{"line":108,"column":43}},{"start":{"line":108,"column":43},"end":{"line":108,"column":null}}],"line":108},"11":{"loc":{"start":{"line":113,"column":12},"end":{"line":113,"column":null}},"type":"cond-expr","locations":[{"start":{"line":113,"column":25},"end":{"line":113,"column":47}},{"start":{"line":113,"column":47},"end":{"line":113,"column":null}}],"line":113},"12":{"loc":{"start":{"line":123,"column":16},"end":{"line":123,"column":null}},"type":"cond-expr","locations":[{"start":{"line":123,"column":29},"end":{"line":123,"column":51}},{"start":{"line":123,"column":51},"end":{"line":123,"column":null}}],"line":123},"13":{"loc":{"start":{"line":136,"column":18},"end":{"line":138,"column":null}},"type":"cond-expr","locations":[{"start":{"line":137,"column":22},"end":{"line":137,"column":null}},{"start":{"line":138,"column":22},"end":{"line":138,"column":null}}],"line":136},"14":{"loc":{"start":{"line":145,"column":16},"end":{"line":145,"column":null}},"type":"cond-expr","locations":[{"start":{"line":145,"column":29},"end":{"line":145,"column":51}},{"start":{"line":145,"column":51},"end":{"line":145,"column":null}}],"line":145},"15":{"loc":{"start":{"line":158,"column":18},"end":{"line":160,"column":null}},"type":"cond-expr","locations":[{"start":{"line":159,"column":22},"end":{"line":159,"column":null}},{"start":{"line":160,"column":22},"end":{"line":160,"column":null}}],"line":158},"16":{"loc":{"start":{"line":167,"column":16},"end":{"line":167,"column":null}},"type":"cond-expr","locations":[{"start":{"line":167,"column":29},"end":{"line":167,"column":51}},{"start":{"line":167,"column":51},"end":{"line":167,"column":null}}],"line":167},"17":{"loc":{"start":{"line":174,"column":24},"end":{"line":174,"column":null}},"type":"cond-expr","locations":[{"start":{"line":174,"column":39},"end":{"line":174,"column":48}},{"start":{"line":174,"column":48},"end":{"line":174,"column":null}}],"line":174},"18":{"loc":{"start":{"line":181,"column":20},"end":{"line":185,"column":null}},"type":"cond-expr","locations":[{"start":{"line":182,"column":24},"end":{"line":182,"column":null}},{"start":{"line":183,"column":24},"end":{"line":185,"column":null}}],"line":181},"19":{"loc":{"start":{"line":183,"column":24},"end":{"line":185,"column":null}},"type":"cond-expr","locations":[{"start":{"line":184,"column":26},"end":{"line":184,"column":null}},{"start":{"line":185,"column":26},"end":{"line":185,"column":null}}],"line":183},"20":{"loc":{"start":{"line":192,"column":20},"end":{"line":194,"column":null}},"type":"cond-expr","locations":[{"start":{"line":193,"column":24},"end":{"line":193,"column":null}},{"start":{"line":194,"column":24},"end":{"line":194,"column":null}}],"line":192},"21":{"loc":{"start":{"line":196,"column":30},"end":{"line":196,"column":null}},"type":"cond-expr","locations":[{"start":{"line":196,"column":45},"end":{"line":196,"column":63}},{"start":{"line":196,"column":63},"end":{"line":196,"column":null}}],"line":196},"22":{"loc":{"start":{"line":198,"column":19},"end":{"line":206,"column":null}},"type":"cond-expr","locations":[{"start":{"line":199,"column":20},"end":{"line":203,"column":21}},{"start":{"line":203,"column":20},"end":{"line":206,"column":null}}],"line":198},"23":{"loc":{"start":{"line":210,"column":15},"end":{"line":213,"column":null}},"type":"binary-expr","locations":[{"start":{"line":210,"column":15},"end":{"line":210,"column":null}},{"start":{"line":211,"column":16},"end":{"line":213,"column":null}}],"line":210},"24":{"loc":{"start":{"line":220,"column":16},"end":{"line":222,"column":null}},"type":"cond-expr","locations":[{"start":{"line":221,"column":20},"end":{"line":221,"column":null}},{"start":{"line":222,"column":20},"end":{"line":222,"column":null}}],"line":220},"25":{"loc":{"start":{"line":231,"column":10},"end":{"line":231,"column":null}},"type":"cond-expr","locations":[{"start":{"line":231,"column":23},"end":{"line":231,"column":45}},{"start":{"line":231,"column":45},"end":{"line":231,"column":null}}],"line":231},"26":{"loc":{"start":{"line":235,"column":12},"end":{"line":235,"column":null}},"type":"cond-expr","locations":[{"start":{"line":235,"column":25},"end":{"line":235,"column":44}},{"start":{"line":235,"column":44},"end":{"line":235,"column":null}}],"line":235}},"s":{"0":103,"1":103,"2":103,"3":103,"4":103,"5":103,"6":103,"7":103,"8":96,"9":96,"10":96,"11":27,"12":103,"13":3,"14":3,"15":3,"16":3,"17":1,"18":1,"19":2,"20":1,"21":1,"22":1,"23":1,"24":1,"25":1,"26":1,"27":1,"28":0,"29":0,"30":103,"31":0},"f":{"0":103,"1":96,"2":96,"3":3,"4":0},"b":{"0":[27,69],"1":[1,2],"2":[1,1],"3":[1,0],"4":[0,0,0],"5":[0,103],"6":[0,103],"7":[0,103],"8":[0,103],"9":[0,103],"10":[0,103],"11":[0,103],"12":[0,103],"13":[0,103],"14":[0,103],"15":[0,103],"16":[0,103],"17":[0,103],"18":[1,102],"19":[0,102],"20":[0,103],"21":[0,103],"22":[0,103],"23":[103,1],"24":[0,103],"25":[0,103],"26":[0,103]},"meta":{"lastBranch":27,"lastFunction":5,"lastStatement":32,"seen":{"f:10:9:10:20":0,"s:11:34:15:Infinity":0,"s:17:42:17:Infinity":1,"s:18:44:18:Infinity":2,"s:21:20:21:28":3,"s:22:38:22:47":4,"s:24:36:24:Infinity":5,"s:25:19:25:31":6,"s:27:8:35:Infinity":7,"f:27:8:27:20":1,"s:28:4:31:Infinity":8,"f:28:4:28:17":2,"s:28:32:31:6":9,"b:32:4:34:Infinity:undefined:undefined:undefined:undefined":0,"s:32:4:34:Infinity":10,"s:33:6:33:Infinity":11,"s:37:19:72:Infinity":12,"f:37:19:37:26":3,"s:38:4:38:Infinity":13,"s:39:4:39:Infinity":14,"s:41:23:41:Infinity":15,"b:42:4:45:Infinity:undefined:undefined:undefined:undefined":1,"s:42:4:45:Infinity":16,"s:43:6:43:Infinity":17,"s:44:6:44:Infinity":18,"b:47:4:50:Infinity:undefined:undefined:undefined:undefined":2,"s:47:4:50:Infinity":19,"s:48:6:48:Infinity":20,"s:49:6:49:Infinity":21,"s:52:4:71:Infinity":22,"s:53:23:57:Infinity":23,"b:59:6:64:Infinity:undefined:undefined:undefined:undefined":3,"s:59:6:64:Infinity":24,"s:61:8:61:Infinity":25,"s:62:8:62:Infinity":26,"s:63:8:63:Infinity":27,"s:67:8:69:Infinity":28,"b:67:8:67:Infinity:68:8:68:Infinity:69:8:69:Infinity":4,"s:70:6:70:Infinity":29,"s:74:2:241:Infinity":30,"b:76:19:76:36:76:36:76:Infinity":5,"b:85:14:85:Infinity:86:14:86:Infinity":6,"b:90:22:90:29:90:29:90:Infinity":7,"b:96:12:96:Infinity:97:12:97:Infinity":8,"b:102:16:102:Infinity:103:16:103:Infinity":9,"b:108:25:108:43:108:43:108:Infinity":10,"b:113:25:113:47:113:47:113:Infinity":11,"b:123:29:123:51:123:51:123:Infinity":12,"b:137:22:137:Infinity:138:22:138:Infinity":13,"b:145:29:145:51:145:51:145:Infinity":14,"b:159:22:159:Infinity:160:22:160:Infinity":15,"b:167:29:167:51:167:51:167:Infinity":16,"b:174:39:174:48:174:48:174:Infinity":17,"b:182:24:182:Infinity:183:24:185:Infinity":18,"b:184:26:184:Infinity:185:26:185:Infinity":19,"f:190:18:190:33":4,"s:190:33:190:Infinity":31,"b:193:24:193:Infinity:194:24:194:Infinity":20,"b:196:45:196:63:196:63:196:Infinity":21,"b:199:20:203:21:203:20:206:Infinity":22,"b:210:15:210:Infinity:211:16:213:Infinity":23,"b:221:20:221:Infinity:222:20:222:Infinity":24,"b:231:23:231:45:231:45:231:Infinity":25,"b:235:25:235:44:235:44:235:Infinity":26},"fnNames":{}}}
}
