{"C:\\Users\\sufya\\Documents\\Programming\\10 Pearls\\cohort-9-mern-11561-sufyan\\backend\\src\\app.js":{"path":"C:\\Users\\sufya\\Documents\\Programming\\10 Pearls\\cohort-9-mern-11561-sufyan\\backend\\src\\app.js","statementMap":{"0":{"start":{"line":1,"column":16},"end":{"line":1,"column":34}},"1":{"start":{"line":2,"column":22},"end":{"line":2,"column":60}},"2":{"start":{"line":3,"column":21},"end":{"line":3,"column":58}},"3":{"start":{"line":4,"column":19},"end":{"line":4,"column":49}},"4":{"start":{"line":5,"column":19},"end":{"line":5,"column":49}},"5":{"start":{"line":7,"column":12},"end":{"line":7,"column":21}},"6":{"start":{"line":9,"column":0},"end":{"line":9,"column":28}},"7":{"start":{"line":11,"column":0},"end":{"line":11,"column":24}},"8":{"start":{"line":12,"column":0},"end":{"line":12,"column":48}},"9":{"start":{"line":14,"column":0},"end":{"line":14,"column":23}},"10":{"start":{"line":16,"column":0},"end":{"line":18,"column":3}},"11":{"start":{"line":17,"column":2},"end":{"line":17,"column":71}},"12":{"start":{"line":20,"column":0},"end":{"line":20,"column":34}},"13":{"start":{"line":21,"column":0},"end":{"line":21,"column":34}},"14":{"start":{"line":23,"column":0},"end":{"line":23,"column":22}},"15":{"start":{"line":25,"column":0},"end":{"line":25,"column":21}}},"fnMap":{"0":{"name":"(anonymous_0)","decl":{"start":{"line":16,"column":23},"end":{"line":16,"column":24}},"loc":{"start":{"line":16,"column":37},"end":{"line":18,"column":1}},"line":16}},"branchMap":{},"s":{"0":1,"1":1,"2":1,"3":1,"4":1,"5":1,"6":1,"7":1,"8":1,"9":1,"10":1,"11":1,"12":1,"13":1,"14":1,"15":1},"f":{"0":1},"b":{},"_coverageSchema":"1a1c01bbd47fc00a2c39e90264f33305004495a9","hash":"4a1927fb8c8bf7bb5943877357c111c97f20c0ca","contentHash":"3e137ee24db31e133e3d0da60cdc3b7e03435e2f81f1237af34e6902ba1ee28c"},"C:\\Users\\sufya\\Documents\\Programming\\10 Pearls\\cohort-9-mern-11561-sufyan\\backend\\src\\middlewares\\requestLogger.js":{"path":"C:\\Users\\sufya\\Documents\\Programming\\10 Pearls\\cohort-9-mern-11561-sufyan\\backend\\src\\middlewares\\requestLogger.js","statementMap":{"0":{"start":{"line":1,"column":17},"end":{"line":1,"column":37}},"1":{"start":{"line":2,"column":15},"end":{"line":2,"column":41}},"2":{"start":{"line":4,"column":22},"end":{"line":11,"column":2}},"3":{"start":{"line":7,"column":4},"end":{"line":7,"column":53}},"4":{"start":{"line":7,"column":38},"end":{"line":7,"column":53}},"5":{"start":{"line":8,"column":4},"end":{"line":8,"column":45}},"6":{"start":{"line":8,"column":31},"end":{"line":8,"column":45}},"7":{"start":{"line":9,"column":4},"end":{"line":9,"column":18}},"8":{"start":{"line":13,"column":0},"end":{"line":13,"column":31}}},"fnMap":{"0":{"name":"(anonymous_0)","decl":{"start":{"line":6,"column":18},"end":{"line":6,"column":19}},"loc":{"start":{"line":6,"column":37},"end":{"line":10,"column":3}},"line":6}},"branchMap":{"0":{"loc":{"start":{"line":7,"column":4},"end":{"line":7,"column":53}},"type":"if","locations":[{"start":{"line":7,"column":4},"end":{"line":7,"column":53}},{"start":{},"end":{}}],"line":7},"1":{"loc":{"start":{"line":7,"column":8},"end":{"line":7,"column":36}},"type":"binary-expr","locations":[{"start":{"line":7,"column":8},"end":{"line":7,"column":29}},{"start":{"line":7,"column":33},"end":{"line":7,"column":36}}],"line":7},"2":{"loc":{"start":{"line":8,"column":4},"end":{"line":8,"column":45}},"type":"if","locations":[{"start":{"line":8,"column":4},"end":{"line":8,"column":45}},{"start":{},"end":{}}],"line":8}},"s":{"0":1,"1":1,"2":1,"3":8,"4":0,"5":8,"6":3,"7":5,"8":1},"f":{"0":8},"b":{"0":[0,8],"1":[8,8],"2":[3,5]},"_coverageSchema":"1a1c01bbd47fc00a2c39e90264f33305004495a9","hash":"cdb31fcf9ba6e768c06e85062aa09d3fd8d00817","contentHash":"73fc3468e19b39bb1200fb94084c0a66e4d9826d4422285d80f6a0b5074fea1e"},"C:\\Users\\sufya\\Documents\\Programming\\10 Pearls\\cohort-9-mern-11561-sufyan\\backend\\src\\utils\\logger.js":{"path":"C:\\Users\\sufya\\Documents\\Programming\\10 Pearls\\cohort-9-mern-11561-sufyan\\backend\\src\\utils\\logger.js","statementMap":{"0":{"start":{"line":1,"column":13},"end":{"line":1,"column":28}},"1":{"start":{"line":3,"column":15},"end":{"line":16,"column":2}},"2":{"start":{"line":18,"column":0},"end":{"line":18,"column":24}}},"fnMap":{},"branchMap":{"0":{"loc":{"start":{"line":4,"column":9},"end":{"line":4,"column":65}},"type":"cond-expr","locations":[{"start":{"line":4,"column":49},"end":{"line":4,"column":55}},{"start":{"line":4,"column":58},"end":{"line":4,"column":65}}],"line":4},"1":{"loc":{"start":{"line":5,"column":13},"end":{"line":11,"column":15}},"type":"cond-expr","locations":[{"start":{"line":5,"column":53},"end":{"line":11,"column":3}},{"start":{"line":11,"column":6},"end":{"line":11,"column":15}}],"line":5}},"s":{"0":1,"1":1,"2":1},"f":{},"b":{"0":[0,1],"1":[1,0]},"_coverageSchema":"1a1c01bbd47fc00a2c39e90264f33305004495a9","hash":"5229da14e9871c0faaea31a0d206f7c600523be2","contentHash":"501b74b0e59191f565b5cdbbe04a864ff1c0c272225b6874d7a4eab7cd3ebd0e"},"C:\\Users\\sufya\\Documents\\Programming\\10 Pearls\\cohort-9-mern-11561-sufyan\\backend\\src\\middlewares\\errorHandler.js":{"path":"C:\\Users\\sufya\\Documents\\Programming\\10 Pearls\\cohort-9-mern-11561-sufyan\\backend\\src\\middlewares\\errorHandler.js","statementMap":{"0":{"start":{"line":1,"column":15},"end":{"line":1,"column":41}},"1":{"start":{"line":3,"column":21},"end":{"line":34,"column":1}},"2":{"start":{"line":4,"column":2},"end":{"line":4,"column":20}},"3":{"start":{"line":7,"column":4},"end":{"line":11,"column":11}},"4":{"start":{"line":14,"column":2},"end":{"line":22,"column":3}},"5":{"start":{"line":21,"column":4},"end":{"line":21,"column":21}},"6":{"start":{"line":25,"column":4},"end":{"line":25,"column":81}},"7":{"start":{"line":27,"column":2},"end":{"line":33,"column":5}},"8":{"start":{"line":36,"column":0},"end":{"line":36,"column":30}}},"fnMap":{"0":{"name":"(anonymous_0)","decl":{"start":{"line":3,"column":21},"end":{"line":3,"column":22}},"loc":{"start":{"line":3,"column":46},"end":{"line":34,"column":1}},"line":3}},"branchMap":{"0":{"loc":{"start":{"line":7,"column":4},"end":{"line":11,"column":11}},"type":"cond-expr","locations":[{"start":{"line":8,"column":8},"end":{"line":8,"column":22}},{"start":{"line":9,"column":8},"end":{"line":11,"column":11}}],"line":7},"1":{"loc":{"start":{"line":7,"column":4},"end":{"line":7,"column":86}},"type":"binary-expr","locations":[{"start":{"line":7,"column":4},"end":{"line":7,"column":36}},{"start":{"line":7,"column":40},"end":{"line":7,"column":61}},{"start":{"line":7,"column":65},"end":{"line":7,"column":86}}],"line":7},"2":{"loc":{"start":{"line":9,"column":8},"end":{"line":11,"column":11}},"type":"cond-expr","locations":[{"start":{"line":10,"column":8},"end":{"line":10,"column":22}},{"start":{"line":11,"column":8},"end":{"line":11,"column":11}}],"line":9},"3":{"loc":{"start":{"line":9,"column":8},"end":{"line":9,"column":54}},"type":"binary-expr","locations":[{"start":{"line":9,"column":8},"end":{"line":9,"column":29}},{"start":{"line":9,"column":33},"end":{"line":9,"column":54}}],"line":9},"4":{"loc":{"start":{"line":14,"column":2},"end":{"line":22,"column":3}},"type":"if","locations":[{"start":{"line":14,"column":2},"end":{"line":22,"column":3}},{"start":{},"end":{}}],"line":14},"5":{"loc":{"start":{"line":15,"column":4},"end":{"line":19,"column":95}},"type":"binary-expr","locations":[{"start":{"line":15,"column":4},"end":{"line":15,"column":34}},{"start":{"line":16,"column":4},"end":{"line":16,"column":28}},{"start":{"line":17,"column":4},"end":{"line":17,"column":22}},{"start":{"line":18,"column":4},"end":{"line":18,"column":34}},{"start":{"line":19,"column":5},"end":{"line":19,"column":16}},{"start":{"line":19,"column":21},"end":{"line":19,"column":56}},{"start":{"line":19,"column":60},"end":{"line":19,"column":93}}],"line":15},"6":{"loc":{"start":{"line":25,"column":4},"end":{"line":25,"column":81}},"type":"cond-expr","locations":[{"start":{"line":25,"column":24},"end":{"line":25,"column":47}},{"start":{"line":25,"column":50},"end":{"line":25,"column":81}}],"line":25},"7":{"loc":{"start":{"line":25,"column":50},"end":{"line":25,"column":81}},"type":"binary-expr","locations":[{"start":{"line":25,"column":50},"end":{"line":25,"column":61}},{"start":{"line":25,"column":65},"end":{"line":25,"column":81}}],"line":25},"8":{"loc":{"start":{"line":31,"column":10},"end":{"line":31,"column":72}},"type":"binary-expr","locations":[{"start":{"line":31,"column":10},"end":{"line":31,"column":48}},{"start":{"line":31,"column":52},"end":{"line":31,"column":72}}],"line":31}},"s":{"0":1,"1":1,"2":3,"3":3,"4":3,"5":1,"6":3,"7":3,"8":1},"f":{"0":3},"b":{"0":[0,3],"1":[3,0,0],"2":[2,1],"3":[3,2],"4":[1,2],"5":[3,2,2,2,2,2,2],"6":[0,3],"7":[3,0],"8":[3,0]},"_coverageSchema":"1a1c01bbd47fc00a2c39e90264f33305004495a9","hash":"355abd1b79130406d855bdab77ad96d8c2d7d0e7","contentHash":"4bf47e87cee7174b7bbb50e41f2efb881f804737d5b1383187caf3f41c8a2a44"},"C:\\Users\\sufya\\Documents\\Programming\\10 Pearls\\cohort-9-mern-11561-sufyan\\backend\\src\\routes\\authRoutes.js":{"path":"C:\\Users\\sufya\\Documents\\Programming\\10 Pearls\\cohort-9-mern-11561-sufyan\\backend\\src\\routes\\authRoutes.js","statementMap":{"0":{"start":{"line":1,"column":16},"end":{"line":1,"column":34}},"1":{"start":{"line":2,"column":15},"end":{"line":2,"column":31}},"2":{"start":{"line":7,"column":4},"end":{"line":7,"column":44}},"3":{"start":{"line":8,"column":20},"end":{"line":8,"column":60}},"4":{"start":{"line":9,"column":15},"end":{"line":9,"column":57}},"5":{"start":{"line":11,"column":0},"end":{"line":11,"column":39}},"6":{"start":{"line":12,"column":0},"end":{"line":12,"column":33}},"7":{"start":{"line":14,"column":0},"end":{"line":14,"column":72}},"8":{"start":{"line":16,"column":0},"end":{"line":16,"column":24}}},"fnMap":{},"branchMap":{},"s":{"0":1,"1":1,"2":1,"3":1,"4":1,"5":1,"6":1,"7":1,"8":1},"f":{},"b":{},"_coverageSchema":"1a1c01bbd47fc00a2c39e90264f33305004495a9","hash":"9dd3d957fd4c29d67aa1d7171e4f8529338f37a0","contentHash":"0f241bc819536f548a288d7de3c970cc3524da5955d346bf1414f0a2495c7a10"},"C:\\Users\\sufya\\Documents\\Programming\\10 Pearls\\cohort-9-mern-11561-sufyan\\backend\\src\\controllers\\authController.js":{"path":"C:\\Users\\sufya\\Documents\\Programming\\10 Pearls\\cohort-9-mern-11561-sufyan\\backend\\src\\controllers\\authController.js","statementMap":{"0":{"start":{"line":1,"column":11},"end":{"line":1,"column":24}},"1":{"start":{"line":2,"column":13},"end":{"line":2,"column":28}},"2":{"start":{"line":3,"column":13},"end":{"line":3,"column":43}},"3":{"start":{"line":4,"column":22},"end":{"line":4,"column":55}},"4":{"start":{"line":6,"column":21},"end":{"line":38,"column":1}},"5":{"start":{"line":7,"column":2},"end":{"line":37,"column":3}},"6":{"start":{"line":8,"column":38},"end":{"line":8,"column":46}},"7":{"start":{"line":10,"column":23},"end":{"line":10,"column":52}},"8":{"start":{"line":12,"column":4},"end":{"line":15,"column":5}},"9":{"start":{"line":13,"column":6},"end":{"line":13,"column":22}},"10":{"start":{"line":14,"column":6},"end":{"line":14,"column":45}},"11":{"start":{"line":17,"column":17},"end":{"line":21,"column":6}},"12":{"start":{"line":23,"column":4},"end":{"line":34,"column":5}},"13":{"start":{"line":24,"column":6},"end":{"line":30,"column":9}},"14":{"start":{"line":32,"column":6},"end":{"line":32,"column":22}},"15":{"start":{"line":33,"column":6},"end":{"line":33,"column":43}},"16":{"start":{"line":36,"column":4},"end":{"line":36,"column":16}},"17":{"start":{"line":40,"column":18},"end":{"line":61,"column":1}},"18":{"start":{"line":41,"column":2},"end":{"line":60,"column":3}},"19":{"start":{"line":42,"column":32},"end":{"line":42,"column":40}},"20":{"start":{"line":44,"column":17},"end":{"line":44,"column":66}},"21":{"start":{"line":46,"column":4},"end":{"line":57,"column":5}},"22":{"start":{"line":47,"column":6},"end":{"line":53,"column":9}},"23":{"start":{"line":55,"column":6},"end":{"line":55,"column":22}},"24":{"start":{"line":56,"column":6},"end":{"line":56,"column":51}},"25":{"start":{"line":59,"column":4},"end":{"line":59,"column":16}},"26":{"start":{"line":63,"column":22},"end":{"line":96,"column":1}},"27":{"start":{"line":64,"column":2},"end":{"line":95,"column":3}},"28":{"start":{"line":65,"column":17},"end":{"line":65,"column":50}},"29":{"start":{"line":67,"column":4},"end":{"line":92,"column":5}},"30":{"start":{"line":68,"column":6},"end":{"line":68,"column":45}},"31":{"start":{"line":70,"column":6},"end":{"line":78,"column":7}},"32":{"start":{"line":71,"column":8},"end":{"line":76,"column":9}},"33":{"start":{"line":72,"column":26},"end":{"line":72,"column":71}},"34":{"start":{"line":73,"column":10},"end":{"line":75,"column":11}},"35":{"start":{"line":74,"column":12},"end":{"line":74,"column":35}},"36":{"start":{"line":77,"column":8},"end":{"line":77,"column":54}},"37":{"start":{"line":80,"column":26},"end":{"line":80,"column":43}},"38":{"start":{"line":82,"column":6},"end":{"line":88,"column":9}},"39":{"start":{"line":90,"column":6},"end":{"line":90,"column":22}},"40":{"start":{"line":91,"column":6},"end":{"line":91,"column":40}},"41":{"start":{"line":94,"column":4},"end":{"line":94,"column":16}},"42":{"start":{"line":98,"column":0},"end":{"line":102,"column":2}}},"fnMap":{"0":{"name":"(anonymous_0)","decl":{"start":{"line":6,"column":21},"end":{"line":6,"column":22}},"loc":{"start":{"line":6,"column":47},"end":{"line":38,"column":1}},"line":6},"1":{"name":"(anonymous_1)","decl":{"start":{"line":40,"column":18},"end":{"line":40,"column":19}},"loc":{"start":{"line":40,"column":44},"end":{"line":61,"column":1}},"line":40},"2":{"name":"(anonymous_2)","decl":{"start":{"line":63,"column":22},"end":{"line":63,"column":23}},"loc":{"start":{"line":63,"column":48},"end":{"line":96,"column":1}},"line":63}},"branchMap":{"0":{"loc":{"start":{"line":12,"column":4},"end":{"line":15,"column":5}},"type":"if","locations":[{"start":{"line":12,"column":4},"end":{"line":15,"column":5}},{"start":{},"end":{}}],"line":12},"1":{"loc":{"start":{"line":23,"column":4},"end":{"line":34,"column":5}},"type":"if","locations":[{"start":{"line":23,"column":4},"end":{"line":34,"column":5}},{"start":{"line":31,"column":11},"end":{"line":34,"column":5}}],"line":23},"2":{"loc":{"start":{"line":46,"column":4},"end":{"line":57,"column":5}},"type":"if","locations":[{"start":{"line":46,"column":4},"end":{"line":57,"column":5}},{"start":{"line":54,"column":11},"end":{"line":57,"column":5}}],"line":46},"3":{"loc":{"start":{"line":46,"column":8},"end":{"line":46,"column":52}},"type":"binary-expr","locations":[{"start":{"line":46,"column":8},"end":{"line":46,"column":12}},{"start":{"line":46,"column":17},"end":{"line":46,"column":51}}],"line":46},"4":{"loc":{"start":{"line":67,"column":4},"end":{"line":92,"column":5}},"type":"if","locations":[{"start":{"line":67,"column":4},"end":{"line":92,"column":5}},{"start":{"line":89,"column":11},"end":{"line":92,"column":5}}],"line":67},"5":{"loc":{"start":{"line":68,"column":18},"end":{"line":68,"column":44}},"type":"binary-expr","locations":[{"start":{"line":68,"column":18},"end":{"line":68,"column":31}},{"start":{"line":68,"column":35},"end":{"line":68,"column":44}}],"line":68},"6":{"loc":{"start":{"line":70,"column":6},"end":{"line":78,"column":7}},"type":"if","locations":[{"start":{"line":70,"column":6},"end":{"line":78,"column":7}},{"start":{},"end":{}}],"line":70},"7":{"loc":{"start":{"line":71,"column":8},"end":{"line":76,"column":9}},"type":"if","locations":[{"start":{"line":71,"column":8},"end":{"line":76,"column":9}},{"start":{},"end":{}}],"line":71},"8":{"loc":{"start":{"line":71,"column":12},"end":{"line":71,"column":62}},"type":"binary-expr","locations":[{"start":{"line":71,"column":12},"end":{"line":71,"column":23}},{"start":{"line":71,"column":27},"end":{"line":71,"column":62}}],"line":71},"9":{"loc":{"start":{"line":73,"column":10},"end":{"line":75,"column":11}},"type":"if","locations":[{"start":{"line":73,"column":10},"end":{"line":75,"column":11}},{"start":{},"end":{}}],"line":73}},"s":{"0":1,"1":1,"2":1,"3":1,"4":1,"5":2,"6":2,"7":2,"8":2,"9":0,"10":0,"11":2,"12":1,"13":1,"14":0,"15":0,"16":1,"17":1,"18":2,"19":2,"20":2,"21":2,"22":1,"23":1,"24":1,"25":1,"26":1,"27":0,"28":0,"29":0,"30":0,"31":0,"32":0,"33":0,"34":0,"35":0,"36":0,"37":0,"38":0,"39":0,"40":0,"41":0,"42":1},"f":{"0":2,"1":2,"2":0},"b":{"0":[0,2],"1":[1,0],"2":[1,1],"3":[2,1],"4":[0,0],"5":[0,0],"6":[0,0],"7":[0,0],"8":[0,0],"9":[0,0]},"_coverageSchema":"1a1c01bbd47fc00a2c39e90264f33305004495a9","hash":"f5aa3019f614af3feb48819ba206438943bb5ba7","contentHash":"6a7bdf0e897041b233a8004c4b401e496efa766020554191ed013a9fb14585fd"},"C:\\Users\\sufya\\Documents\\Programming\\10 Pearls\\cohort-9-mern-11561-sufyan\\backend\\src\\models\\userModel.js":{"path":"C:\\Users\\sufya\\Documents\\Programming\\10 Pearls\\cohort-9-mern-11561-sufyan\\backend\\src\\models\\userModel.js","statementMap":{"0":{"start":{"line":1,"column":17},"end":{"line":1,"column":36}},"1":{"start":{"line":2,"column":15},"end":{"line":2,"column":34}},"2":{"start":{"line":4,"column":19},"end":{"line":35,"column":1}},"3":{"start":{"line":37,"column":0},"end":{"line":46,"column":3}},"4":{"start":{"line":38,"column":2},"end":{"line":38,"column":43}},"5":{"start":{"line":38,"column":36},"end":{"line":38,"column":43}},"6":{"start":{"line":40,"column":2},"end":{"line":45,"column":3}},"7":{"start":{"line":41,"column":17},"end":{"line":41,"column":41}},"8":{"start":{"line":42,"column":4},"end":{"line":42,"column":59}},"9":{"start":{"line":44,"column":4},"end":{"line":44,"column":47}},"10":{"start":{"line":48,"column":0},"end":{"line":51,"column":2}},"11":{"start":{"line":49,"column":2},"end":{"line":49,"column":35}},"12":{"start":{"line":49,"column":22},"end":{"line":49,"column":35}},"13":{"start":{"line":50,"column":2},"end":{"line":50,"column":62}},"14":{"start":{"line":53,"column":0},"end":{"line":53,"column":52}}},"fnMap":{"0":{"name":"(anonymous_0)","decl":{"start":{"line":37,"column":23},"end":{"line":37,"column":24}},"loc":{"start":{"line":37,"column":41},"end":{"line":46,"column":1}},"line":37},"1":{"name":"(anonymous_1)","decl":{"start":{"line":48,"column":35},"end":{"line":48,"column":36}},"loc":{"start":{"line":48,"column":68},"end":{"line":51,"column":1}},"line":48}},"branchMap":{"0":{"loc":{"start":{"line":38,"column":2},"end":{"line":38,"column":43}},"type":"if","locations":[{"start":{"line":38,"column":2},"end":{"line":38,"column":43}},{"start":{},"end":{}}],"line":38},"1":{"loc":{"start":{"line":49,"column":2},"end":{"line":49,"column":35}},"type":"if","locations":[{"start":{"line":49,"column":2},"end":{"line":49,"column":35}},{"start":{},"end":{}}],"line":49}},"s":{"0":1,"1":1,"2":1,"3":1,"4":1,"5":0,"6":1,"7":1,"8":1,"9":0,"10":1,"11":1,"12":0,"13":1,"14":1},"f":{"0":1,"1":1},"b":{"0":[0,1],"1":[0,1]},"_coverageSchema":"1a1c01bbd47fc00a2c39e90264f33305004495a9","hash":"eef8c96027137ff0a53dc5fa308eede6c5e9c8f3","contentHash":"2257a734f93a564e37b6f55ea700e9ab2c2ff8c4699f9fb16070ea06d247e8f8"},"C:\\Users\\sufya\\Documents\\Programming\\10 Pearls\\cohort-9-mern-11561-sufyan\\backend\\src\\utils\\generateToken.js":{"path":"C:\\Users\\sufya\\Documents\\Programming\\10 Pearls\\cohort-9-mern-11561-sufyan\\backend\\src\\utils\\generateToken.js","statementMap":{"0":{"start":{"line":1,"column":12},"end":{"line":1,"column":35}},"1":{"start":{"line":3,"column":22},"end":{"line":7,"column":1}},"2":{"start":{"line":4,"column":2},"end":{"line":6,"column":5}},"3":{"start":{"line":9,"column":0},"end":{"line":9,"column":31}}},"fnMap":{"0":{"name":"(anonymous_0)","decl":{"start":{"line":3,"column":22},"end":{"line":3,"column":23}},"loc":{"start":{"line":3,"column":30},"end":{"line":7,"column":1}},"line":3}},"branchMap":{},"s":{"0":1,"1":1,"2":2,"3":1},"f":{"0":2},"b":{},"_coverageSchema":"1a1c01bbd47fc00a2c39e90264f33305004495a9","hash":"1df1dae62e3e45a0a759a03028d430b7cd315683","contentHash":"96d0893e5261b216f786ecf6f43397f0989aa5a8cd188661c87c40443aed7ae6"},"C:\\Users\\sufya\\Documents\\Programming\\10 Pearls\\cohort-9-mern-11561-sufyan\\backend\\src\\middlewares\\authMiddleware.js":{"path":"C:\\Users\\sufya\\Documents\\Programming\\10 Pearls\\cohort-9-mern-11561-sufyan\\backend\\src\\middlewares\\authMiddleware.js","statementMap":{"0":{"start":{"line":1,"column":12},"end":{"line":1,"column":35}},"1":{"start":{"line":2,"column":13},"end":{"line":2,"column":43}},"2":{"start":{"line":4,"column":16},"end":{"line":33,"column":1}},"3":{"start":{"line":7,"column":2},"end":{"line":27,"column":3}},"4":{"start":{"line":11,"column":4},"end":{"line":26,"column":5}},"5":{"start":{"line":12,"column":6},"end":{"line":12,"column":54}},"6":{"start":{"line":14,"column":22},"end":{"line":14,"column":63}},"7":{"start":{"line":15,"column":19},"end":{"line":15,"column":70}},"8":{"start":{"line":17,"column":6},"end":{"line":20,"column":7}},"9":{"start":{"line":18,"column":8},"end":{"line":18,"column":24}},"10":{"start":{"line":19,"column":8},"end":{"line":19,"column":72}},"11":{"start":{"line":21,"column":6},"end":{"line":21,"column":22}},"12":{"start":{"line":22,"column":6},"end":{"line":22,"column":20}},"13":{"start":{"line":24,"column":6},"end":{"line":24,"column":22}},"14":{"start":{"line":25,"column":6},"end":{"line":25,"column":72}},"15":{"start":{"line":29,"column":2},"end":{"line":32,"column":3}},"16":{"start":{"line":30,"column":4},"end":{"line":30,"column":20}},"17":{"start":{"line":31,"column":4},"end":{"line":31,"column":64}},"18":{"start":{"line":35,"column":0},"end":{"line":35,"column":29}}},"fnMap":{"0":{"name":"(anonymous_0)","decl":{"start":{"line":4,"column":16},"end":{"line":4,"column":17}},"loc":{"start":{"line":4,"column":42},"end":{"line":33,"column":1}},"line":4}},"branchMap":{"0":{"loc":{"start":{"line":7,"column":2},"end":{"line":27,"column":3}},"type":"if","locations":[{"start":{"line":7,"column":2},"end":{"line":27,"column":3}},{"start":{},"end":{}}],"line":7},"1":{"loc":{"start":{"line":8,"column":4},"end":{"line":9,"column":50}},"type":"binary-expr","locations":[{"start":{"line":8,"column":4},"end":{"line":8,"column":29}},{"start":{"line":9,"column":4},"end":{"line":9,"column":50}}],"line":8},"2":{"loc":{"start":{"line":17,"column":6},"end":{"line":20,"column":7}},"type":"if","locations":[{"start":{"line":17,"column":6},"end":{"line":20,"column":7}},{"start":{},"end":{}}],"line":17},"3":{"loc":{"start":{"line":29,"column":2},"end":{"line":32,"column":3}},"type":"if","locations":[{"start":{"line":29,"column":2},"end":{"line":32,"column":3}},{"start":{},"end":{}}],"line":29}},"s":{"0":1,"1":1,"2":1,"3":3,"4":2,"5":2,"6":2,"7":2,"8":2,"9":0,"10":0,"11":2,"12":2,"13":0,"14":0,"15":1,"16":1,"17":1,"18":1},"f":{"0":3},"b":{"0":[2,1],"1":[3,2],"2":[0,2],"3":[1,0]},"_coverageSchema":"1a1c01bbd47fc00a2c39e90264f33305004495a9","hash":"7a24c4d68c11efffc31a7173d75eea89408efd0f","contentHash":"4e45ef59fae55a69ec6029c70091ea84452476446320823fc44677eb4981a8c4"},"C:\\Users\\sufya\\Documents\\Programming\\10 Pearls\\cohort-9-mern-11561-sufyan\\backend\\src\\middlewares\\uploadMiddleware.js":{"path":"C:\\Users\\sufya\\Documents\\Programming\\10 Pearls\\cohort-9-mern-11561-sufyan\\backend\\src\\middlewares\\uploadMiddleware.js","statementMap":{"0":{"start":{"line":1,"column":15},"end":{"line":1,"column":32}},"1":{"start":{"line":2,"column":13},"end":{"line":2,"column":28}},"2":{"start":{"line":4,"column":16},"end":{"line":14,"column":2}},"3":{"start":{"line":6,"column":4},"end":{"line":6,"column":25}},"4":{"start":{"line":9,"column":4},"end":{"line":12,"column":6}},"5":{"start":{"line":16,"column":22},"end":{"line":26,"column":1}},"6":{"start":{"line":17,"column":20},"end":{"line":17,"column":39}},"7":{"start":{"line":18,"column":18},"end":{"line":18,"column":79}},"8":{"start":{"line":19,"column":19},"end":{"line":19,"column":48}},"9":{"start":{"line":21,"column":2},"end":{"line":25,"column":3}},"10":{"start":{"line":22,"column":4},"end":{"line":22,"column":26}},"11":{"start":{"line":24,"column":4},"end":{"line":24,"column":57}},"12":{"start":{"line":28,"column":15},"end":{"line":39,"column":2}},"13":{"start":{"line":31,"column":4},"end":{"line":31,"column":28}},"14":{"start":{"line":41,"column":0},"end":{"line":41,"column":24}}},"fnMap":{"0":{"name":"(anonymous_0)","decl":{"start":{"line":5,"column":2},"end":{"line":5,"column":3}},"loc":{"start":{"line":5,"column":29},"end":{"line":7,"column":3}},"line":5},"1":{"name":"(anonymous_1)","decl":{"start":{"line":8,"column":2},"end":{"line":8,"column":3}},"loc":{"start":{"line":8,"column":26},"end":{"line":13,"column":3}},"line":8},"2":{"name":"(anonymous_2)","decl":{"start":{"line":16,"column":22},"end":{"line":16,"column":23}},"loc":{"start":{"line":16,"column":36},"end":{"line":26,"column":1}},"line":16},"3":{"name":"(anonymous_3)","decl":{"start":{"line":30,"column":14},"end":{"line":30,"column":15}},"loc":{"start":{"line":30,"column":39},"end":{"line":32,"column":3}},"line":30}},"branchMap":{"0":{"loc":{"start":{"line":21,"column":2},"end":{"line":25,"column":3}},"type":"if","locations":[{"start":{"line":21,"column":2},"end":{"line":25,"column":3}},{"start":{"line":23,"column":9},"end":{"line":25,"column":3}}],"line":21},"1":{"loc":{"start":{"line":21,"column":6},"end":{"line":21,"column":25}},"type":"binary-expr","locations":[{"start":{"line":21,"column":6},"end":{"line":21,"column":13}},{"start":{"line":21,"column":17},"end":{"line":21,"column":25}}],"line":21}},"s":{"0":1,"1":1,"2":1,"3":0,"4":0,"5":1,"6":0,"7":0,"8":0,"9":0,"10":0,"11":0,"12":1,"13":0,"14":1},"f":{"0":0,"1":0,"2":0,"3":0},"b":{"0":[0,0],"1":[0,0]},"_coverageSchema":"1a1c01bbd47fc00a2c39e90264f33305004495a9","hash":"5810353ce37707435eab3bce9fa13f5714329f31","contentHash":"c4e1a89c4c06ad914c04ecaec81e8f2265efa5e77071979928e3d9f1999fc05f"},"C:\\Users\\sufya\\Documents\\Programming\\10 Pearls\\cohort-9-mern-11561-sufyan\\backend\\src\\routes\\noteRoutes.js":{"path":"C:\\Users\\sufya\\Documents\\Programming\\10 Pearls\\cohort-9-mern-11561-sufyan\\backend\\src\\routes\\noteRoutes.js","statementMap":{"0":{"start":{"line":1,"column":16},"end":{"line":1,"column":34}},"1":{"start":{"line":2,"column":15},"end":{"line":2,"column":31}},"2":{"start":{"line":9,"column":4},"end":{"line":9,"column":44}},"3":{"start":{"line":10,"column":20},"end":{"line":10,"column":60}},"4":{"start":{"line":12,"column":0},"end":{"line":15,"column":29}},"5":{"start":{"line":17,"column":0},"end":{"line":21,"column":31}},"6":{"start":{"line":23,"column":0},"end":{"line":23,"column":24}}},"fnMap":{},"branchMap":{},"s":{"0":1,"1":1,"2":1,"3":1,"4":1,"5":1,"6":1},"f":{},"b":{},"_coverageSchema":"1a1c01bbd47fc00a2c39e90264f33305004495a9","hash":"19172068b3e98ddcca1c4ae40db703778b837dce","contentHash":"864b26e3c8b66b76a41f759d332657bc7dece0c08eb23a9e92826fd3c00b84c3"},"C:\\Users\\sufya\\Documents\\Programming\\10 Pearls\\cohort-9-mern-11561-sufyan\\backend\\src\\controllers\\noteController.js":{"path":"C:\\Users\\sufya\\Documents\\Programming\\10 Pearls\\cohort-9-mern-11561-sufyan\\backend\\src\\controllers\\noteController.js","statementMap":{"0":{"start":{"line":1,"column":13},"end":{"line":1,"column":43}},"1":{"start":{"line":3,"column":17},"end":{"line":10,"column":1}},"2":{"start":{"line":4,"column":2},"end":{"line":9,"column":3}},"3":{"start":{"line":5,"column":18},"end":{"line":5,"column":81}},"4":{"start":{"line":6,"column":4},"end":{"line":6,"column":32}},"5":{"start":{"line":8,"column":4},"end":{"line":8,"column":16}},"6":{"start":{"line":12,"column":19},"end":{"line":31,"column":1}},"7":{"start":{"line":13,"column":2},"end":{"line":30,"column":3}},"8":{"start":{"line":14,"column":31},"end":{"line":14,"column":39}},"9":{"start":{"line":16,"column":4},"end":{"line":19,"column":5}},"10":{"start":{"line":17,"column":6},"end":{"line":17,"column":22}},"11":{"start":{"line":18,"column":6},"end":{"line":18,"column":78}},"12":{"start":{"line":21,"column":17},"end":{"line":25,"column":6}},"13":{"start":{"line":27,"column":4},"end":{"line":27,"column":31}},"14":{"start":{"line":29,"column":4},"end":{"line":29,"column":16}},"15":{"start":{"line":33,"column":20},"end":{"line":51,"column":1}},"16":{"start":{"line":34,"column":2},"end":{"line":50,"column":3}},"17":{"start":{"line":35,"column":17},"end":{"line":35,"column":51}},"18":{"start":{"line":37,"column":4},"end":{"line":40,"column":5}},"19":{"start":{"line":38,"column":6},"end":{"line":38,"column":22}},"20":{"start":{"line":39,"column":6},"end":{"line":39,"column":40}},"21":{"start":{"line":42,"column":4},"end":{"line":45,"column":5}},"22":{"start":{"line":43,"column":6},"end":{"line":43,"column":22}},"23":{"start":{"line":44,"column":6},"end":{"line":44,"column":65}},"24":{"start":{"line":47,"column":4},"end":{"line":47,"column":31}},"25":{"start":{"line":49,"column":4},"end":{"line":49,"column":16}},"26":{"start":{"line":53,"column":19},"end":{"line":79,"column":1}},"27":{"start":{"line":54,"column":2},"end":{"line":78,"column":3}},"28":{"start":{"line":55,"column":17},"end":{"line":55,"column":51}},"29":{"start":{"line":57,"column":4},"end":{"line":60,"column":5}},"30":{"start":{"line":58,"column":6},"end":{"line":58,"column":22}},"31":{"start":{"line":59,"column":6},"end":{"line":59,"column":40}},"32":{"start":{"line":62,"column":4},"end":{"line":65,"column":5}},"33":{"start":{"line":63,"column":6},"end":{"line":63,"column":22}},"34":{"start":{"line":64,"column":6},"end":{"line":64,"column":65}},"35":{"start":{"line":67,"column":31},"end":{"line":67,"column":39}},"36":{"start":{"line":69,"column":24},"end":{"line":73,"column":5}},"37":{"start":{"line":75,"column":4},"end":{"line":75,"column":38}},"38":{"start":{"line":77,"column":4},"end":{"line":77,"column":16}},"39":{"start":{"line":81,"column":19},"end":{"line":101,"column":1}},"40":{"start":{"line":82,"column":2},"end":{"line":100,"column":3}},"41":{"start":{"line":83,"column":17},"end":{"line":83,"column":51}},"42":{"start":{"line":85,"column":4},"end":{"line":88,"column":5}},"43":{"start":{"line":86,"column":6},"end":{"line":86,"column":22}},"44":{"start":{"line":87,"column":6},"end":{"line":87,"column":40}},"45":{"start":{"line":90,"column":4},"end":{"line":93,"column":5}},"46":{"start":{"line":91,"column":6},"end":{"line":91,"column":22}},"47":{"start":{"line":92,"column":6},"end":{"line":92,"column":65}},"48":{"start":{"line":95,"column":4},"end":{"line":95,"column":27}},"49":{"start":{"line":97,"column":4},"end":{"line":97,"column":73}},"50":{"start":{"line":99,"column":4},"end":{"line":99,"column":16}},"51":{"start":{"line":103,"column":0},"end":{"line":109,"column":2}}},"fnMap":{"0":{"name":"(anonymous_0)","decl":{"start":{"line":3,"column":17},"end":{"line":3,"column":18}},"loc":{"start":{"line":3,"column":43},"end":{"line":10,"column":1}},"line":3},"1":{"name":"(anonymous_1)","decl":{"start":{"line":12,"column":19},"end":{"line":12,"column":20}},"loc":{"start":{"line":12,"column":45},"end":{"line":31,"column":1}},"line":12},"2":{"name":"(anonymous_2)","decl":{"start":{"line":33,"column":20},"end":{"line":33,"column":21}},"loc":{"start":{"line":33,"column":46},"end":{"line":51,"column":1}},"line":33},"3":{"name":"(anonymous_3)","decl":{"start":{"line":53,"column":19},"end":{"line":53,"column":20}},"loc":{"start":{"line":53,"column":45},"end":{"line":79,"column":1}},"line":53},"4":{"name":"(anonymous_4)","decl":{"start":{"line":81,"column":19},"end":{"line":81,"column":20}},"loc":{"start":{"line":81,"column":45},"end":{"line":101,"column":1}},"line":81}},"branchMap":{"0":{"loc":{"start":{"line":16,"column":4},"end":{"line":19,"column":5}},"type":"if","locations":[{"start":{"line":16,"column":4},"end":{"line":19,"column":5}},{"start":{},"end":{}}],"line":16},"1":{"loc":{"start":{"line":16,"column":8},"end":{"line":16,"column":26}},"type":"binary-expr","locations":[{"start":{"line":16,"column":8},"end":{"line":16,"column":14}},{"start":{"line":16,"column":18},"end":{"line":16,"column":26}}],"line":16},"2":{"loc":{"start":{"line":37,"column":4},"end":{"line":40,"column":5}},"type":"if","locations":[{"start":{"line":37,"column":4},"end":{"line":40,"column":5}},{"start":{},"end":{}}],"line":37},"3":{"loc":{"start":{"line":42,"column":4},"end":{"line":45,"column":5}},"type":"if","locations":[{"start":{"line":42,"column":4},"end":{"line":45,"column":5}},{"start":{},"end":{}}],"line":42},"4":{"loc":{"start":{"line":57,"column":4},"end":{"line":60,"column":5}},"type":"if","locations":[{"start":{"line":57,"column":4},"end":{"line":60,"column":5}},{"start":{},"end":{}}],"line":57},"5":{"loc":{"start":{"line":62,"column":4},"end":{"line":65,"column":5}},"type":"if","locations":[{"start":{"line":62,"column":4},"end":{"line":65,"column":5}},{"start":{},"end":{}}],"line":62},"6":{"loc":{"start":{"line":85,"column":4},"end":{"line":88,"column":5}},"type":"if","locations":[{"start":{"line":85,"column":4},"end":{"line":88,"column":5}},{"start":{},"end":{}}],"line":85},"7":{"loc":{"start":{"line":90,"column":4},"end":{"line":93,"column":5}},"type":"if","locations":[{"start":{"line":90,"column":4},"end":{"line":93,"column":5}},{"start":{},"end":{}}],"line":90}},"s":{"0":1,"1":1,"2":1,"3":1,"4":1,"5":0,"6":1,"7":1,"8":1,"9":1,"10":0,"11":0,"12":1,"13":1,"14":0,"15":1,"16":0,"17":0,"18":0,"19":0,"20":0,"21":0,"22":0,"23":0,"24":0,"25":0,"26":1,"27":0,"28":0,"29":0,"30":0,"31":0,"32":0,"33":0,"34":0,"35":0,"36":0,"37":0,"38":0,"39":1,"40":0,"41":0,"42":0,"43":0,"44":0,"45":0,"46":0,"47":0,"48":0,"49":0,"50":0,"51":1},"f":{"0":1,"1":1,"2":0,"3":0,"4":0},"b":{"0":[0,1],"1":[1,1],"2":[0,0],"3":[0,0],"4":[0,0],"5":[0,0],"6":[0,0],"7":[0,0]},"_coverageSchema":"1a1c01bbd47fc00a2c39e90264f33305004495a9","hash":"1e5d0d3353f6a207def6382ad4895121af01a383","contentHash":"ad11dbd19c6d4a6c0c0b0328c807f150e109c9cc0c7b116249b9ed8d390619b4"},"C:\\Users\\sufya\\Documents\\Programming\\10 Pearls\\cohort-9-mern-11561-sufyan\\backend\\src\\models\\noteModel.js":{"path":"C:\\Users\\sufya\\Documents\\Programming\\10 Pearls\\cohort-9-mern-11561-sufyan\\backend\\src\\models\\noteModel.js","statementMap":{"0":{"start":{"line":1,"column":17},"end":{"line":1,"column":36}},"1":{"start":{"line":3,"column":19},"end":{"line":25,"column":1}},"2":{"start":{"line":27,"column":0},"end":{"line":27,"column":52}}},"fnMap":{},"branchMap":{},"s":{"0":1,"1":1,"2":1},"f":{},"b":{},"_coverageSchema":"1a1c01bbd47fc00a2c39e90264f33305004495a9","hash":"f3cd047b0c06752fafa61d5710dde697da199c89","contentHash":"e2c3a9f77b952765e4b0c7c38594df616707b86b2e1954ec5d3b683da6f73bf7"}}